TN:
SF:/home/ruperson/Desktop/cpp-course/bigint/gtest/gtest.h
FN:20057,_Z13RUN_ALL_TESTSv
FNDA:10,_Z13RUN_ALL_TESTSv
FNF:1
FNH:1
DA:20057,10
DA:20058,10
LF:2
LH:2
end_of_record
SF:/home/ruperson/Desktop/cpp-course/bigint/gtest/gtest_main.cc
FN:34,main
FN:38,_Z41__static_initialization_and_destruction_0ii
FN:38,_GLOBAL__sub_I_main
FNDA:10,main
FNDA:10,_GLOBAL__sub_I_main
FNDA:10,_Z41__static_initialization_and_destruction_0ii
FNF:3
FNH:3
DA:34,10
DA:35,10
DA:36,10
DA:37,10
DA:38,30
LF:5
LH:5
end_of_record
TN:
SF:/home/ruperson/Desktop/cpp-course/bigint/gtest/gtest-all.cc
FN:536,_ZN7testing8internal21GetRandomSeedFromFlagEi
FN:552,_ZN7testing8internal17GetNextRandomSeedEi
FN:565,_ZN7testing8internal14GTestFlagSaverC2Ev
FN:586,_ZN7testing8internal14GTestFlagSaverD2Ev
FN:683,_ZN7testing8internal7CountIfISt6vectorIPNS_8TestCaseESaIS4_EEPFbPKS3_EEEiRKT_T0_
FN:683,_ZN7testing8internal7CountIfISt6vectorINS_14TestPartResultESaIS3_EEPFbRKS3_EEEiRKT_T0_
FN:683,_ZN7testing8internal7CountIfISt6vectorIPNS_8TestInfoESaIS4_EEPFbPKS3_EEEiRKT_T0_
FN:696,_ZN7testing8internal7ForEachISt6vectorIPNS_11EnvironmentESaIS4_EEPFvS4_EEEvRKT_T0_
FN:696,_ZN7testing8internal7ForEachISt6vectorIPNS_8TestCaseESaIS4_EEPFvS4_EEEvRKT_T0_
FN:696,_ZN7testing8internal7ForEachISt6vectorIPNS_8TestInfoESaIS4_EEPFvS4_EEEvRKT_T0_
FN:696,_ZN7testing8internal7ForEachISt6vectorIPNS_17TestEventListenerESaIS4_EEPFvS4_EEEvRKT_T0_
FN:703,_ZN7testing8internal12GetElementOrIiEET_RKSt6vectorIS2_SaIS2_EEiS2_
FN:712,_ZN7testing8internal12ShuffleRangeIiEEvPNS0_6RandomEiiPSt6vectorIT_SaIS5_EE
FN:733,_ZN7testing8internal7ShuffleIiEEvPNS0_6RandomEPSt6vectorIT_SaIS5_EE
FN:740,_ZN7testing8internalL6DeleteINS_8TestCaseEEEvPT_
FN:740,_ZN7testing8internalL6DeleteINS_11EnvironmentEEEvPT_
FN:740,_ZN7testing8internalL6DeleteINS_17TestEventListenerEEEvPT_
FN:740,_ZN7testing8internalL6DeleteINS_8TestInfoEEEvPT_
FN:747,_ZN7testing8internal17TestPropertyKeyIsD2Ev
FN:747,_ZN7testing8internal17TestPropertyKeyIsC2ERKS1_
FN:752,_ZN7testing8internal17TestPropertyKeyIsC2ERKNSt7__cxx1112basic_stringIcSt11char_traitsIcESaIcEEE
FN:755,_ZNK7testing8internal17TestPropertyKeyIsclERKNS_12TestPropertyE
FN:820,_ZN7testing8internal27OsStackTraceGetterInterfaceC2Ev
FN:821,_ZN7testing8internal27OsStackTraceGetterInterfaceD2Ev
FN:821,_ZN7testing8internal27OsStackTraceGetterInterfaceD0Ev
FN:841,_ZN7testing8internal18OsStackTraceGetterD0Ev
FN:841,_ZN7testing8internal18OsStackTraceGetterD2Ev
FN:843,_ZN7testing8internal18OsStackTraceGetterC2Ev
FN:867,_ZN7testing8internal9TraceInfoC2EOS1_
FN:867,_ZN7testing8internal9TraceInfoC2Ev
FN:867,_ZN7testing8internal9TraceInfoC2ERKS1_
FN:867,_ZN7testing8internal9TraceInfoD2Ev
FN:875,_ZN7testing8internal35DefaultGlobalTestPartResultReporterD2Ev
FN:875,_ZN7testing8internal35DefaultGlobalTestPartResultReporterD0Ev
FN:891,_ZN7testing8internal38DefaultPerThreadTestPartResultReporterD0Ev
FN:891,_ZN7testing8internal38DefaultPerThreadTestPartResultReporterD2Ev
FN:971,_ZNK7testing8internal12UnitTestImpl15start_timestampEv
FN:974,_ZNK7testing8internal12UnitTestImpl12elapsed_timeEv
FN:977,_ZNK7testing8internal12UnitTestImpl6PassedEv
FN:981,_ZNK7testing8internal12UnitTestImpl6FailedEv
FN:987,_ZNK7testing8internal12UnitTestImpl11GetTestCaseEi
FN:994,_ZN7testing8internal12UnitTestImpl18GetMutableTestCaseEi
FN:1000,_ZN7testing8internal12UnitTestImpl9listenersEv
FN:1007,_ZNK7testing8internal12UnitTestImpl18ad_hoc_test_resultEv
FN:1055,_ZN7testing8internal12UnitTestImpl11AddTestInfoEPFvvES3_PNS_8TestInfoE
FN:1080,_ZN7testing8internal12UnitTestImpl27parameterized_test_registryEv
FN:1086,_ZN7testing8internal12UnitTestImpl21set_current_test_caseEPNS_8TestCaseE
FN:1093,_ZN7testing8internal12UnitTestImpl21set_current_test_infoEPNS_8TestInfoE
FN:1112,_ZN7testing8internal12UnitTestImpl23ClearNonAdHocTestResultEv
FN:1143,_ZNK7testing8internal12UnitTestImpl17current_test_caseEv
FN:1144,_ZN7testing8internal12UnitTestImpl17current_test_infoEv
FN:1145,_ZNK7testing8internal12UnitTestImpl17current_test_infoEv
FN:1149,_ZN7testing8internal12UnitTestImpl12environmentsEv
FN:1152,_ZN7testing8internal12UnitTestImpl17gtest_trace_stackEv
FN:1160,_ZN7testing8internal12UnitTestImpl34InitDeathTestSubprocessControlInfoEv
FN:1167,_ZNK7testing8internal12UnitTestImpl28internal_run_death_test_flagEv
FN:1172,_ZN7testing8internal12UnitTestImpl18death_test_factoryEv
FN:1199,_ZNK7testing8internal12UnitTestImpl11random_seedEv
FN:1202,_ZN7testing8internal12UnitTestImpl6randomEv
FN:1213,_ZNK7testing8internal12UnitTestImpl16catch_exceptionsEv
FN:1220,_ZN7testing8internal12UnitTestImpl20set_catch_exceptionsEb
FN:1337,_ZN7testing8internal15GetUnitTestImplEv
FN:1403,_ZN7testing8internal18ParseNaturalNumberIiEEbRKNSt7__cxx1112basic_stringIcSt11char_traitsIcESaIcEEEPT_
FN:1471,_ZN7testing8internal17StreamingListenerD2Ev
FN:1471,_ZN7testing8internal17StreamingListenerD0Ev
FN:1474,_ZN7testing8internal17StreamingListener20AbstractSocketWriterC2Ev
FN:1476,_ZN7testing8internal17StreamingListener20AbstractSocketWriterD2Ev
FN:1476,_ZN7testing8internal17StreamingListener20AbstractSocketWriterD0Ev
FN:1482,_ZN7testing8internal17StreamingListener20AbstractSocketWriter15CloseConnectionEv
FN:1485,_ZN7testing8internal17StreamingListener20AbstractSocketWriter6SendLnERKNSt7__cxx1112basic_stringIcSt11char_traitsIcESaIcEEE
FN:1493,_ZN7testing8internal17StreamingListener12SocketWriterC2ERKNSt7__cxx1112basic_stringIcSt11char_traitsIcESaIcEEESA_
FN:1498,_ZN7testing8internal17StreamingListener12SocketWriterD2Ev
FN:1498,_ZN7testing8internal17StreamingListener12SocketWriterD0Ev
FN:1504,_ZN7testing8internal17StreamingListener12SocketWriter4SendERKNSt7__cxx1112basic_stringIcSt11char_traitsIcESaIcEEE
FN:1521,_ZN7testing8internal17StreamingListener12SocketWriter15CloseConnectionEv
FN:1539,_ZN7testing8internal17StreamingListenerC2ERKNSt7__cxx1112basic_stringIcSt11char_traitsIcESaIcEEES9_
FN:1545,_ZN7testing8internal17StreamingListener18OnTestProgramStartERKNS_8UnitTestE
FN:1549,_ZN7testing8internal17StreamingListener16OnTestProgramEndERKNS_8UnitTestE
FN:1558,_ZN7testing8internal17StreamingListener20OnTestIterationStartERKNS_8UnitTestEi
FN:1563,_ZN7testing8internal17StreamingListener18OnTestIterationEndERKNS_8UnitTestEi
FN:1569,_ZN7testing8internal17StreamingListener15OnTestCaseStartERKNS_8TestCaseE
FN:1573,_ZN7testing8internal17StreamingListener13OnTestCaseEndERKNS_8TestCaseE
FN:1579,_ZN7testing8internal17StreamingListener11OnTestStartERKNS_8TestInfoE
FN:1583,_ZN7testing8internal17StreamingListener9OnTestEndERKNS_8TestInfoE
FN:1590,_ZN7testing8internal17StreamingListener16OnTestPartResultERKNS_14TestPartResultE
FN:1601,_ZN7testing8internal17StreamingListener6SendLnERKNSt7__cxx1112basic_stringIcSt11char_traitsIcESaIcEEE
FN:1605,_ZN7testing8internal17StreamingListener5StartEv
FN:1607,_ZN7testing8internal17StreamingListener10FormatBoolB5cxx11Eb
FN:1669,_ZN7testingL16GetDefaultFilterEv
FN:1775,_ZN7testing8internal6Random8GenerateEj
FN:1800,_ZN7testing8internalL18GTestIsInitializedEv
FN:1805,_ZN7testing8internalL19SumOverTestCaseListERKSt6vectorIPNS_8TestCaseESaIS3_EEMS2_KFivE
FN:1815,_ZN7testing8internalL14TestCasePassedEPKNS_8TestCaseE
FN:1820,_ZN7testing8internalL14TestCaseFailedEPKNS_8TestCaseE
FN:1826,_ZN7testing8internalL17ShouldRunTestCaseEPKNS_8TestCaseE
FN:1831,_ZN7testing8internal12AssertHelperC2ENS_14TestPartResult4TypeEPKciS5_
FN:1838,_ZN7testing8internal12AssertHelperD2Ev
FN:1843,_ZNK7testing8internal12AssertHelperaSERKNS_7MessageE
FN:1861,_ZN7testing8internal24GetCurrentExecutableNameEv
FN:1876,_ZN7testing8internal15UnitTestOptions15GetOutputFormatB5cxx11Ev
FN:1888,_ZN7testing8internal15UnitTestOptions27GetAbsolutePathToOutputFileB5cxx11Ev
FN:1924,_ZN7testing8internal15UnitTestOptions20PatternMatchesStringEPKcS3_
FN:1941,_ZN7testing8internal15UnitTestOptions13MatchesFilterERKNSt7__cxx1112basic_stringIcSt11char_traitsIcESaIcEEEPKc
FN:1964,_ZN7testing8internal15UnitTestOptions17FilterMatchesTestERKNSt7__cxx1112basic_stringIcSt11char_traitsIcESaIcEEES9_
FN:2025,_ZN7testing32ScopedFakeTestPartResultReporterC2EPNS_19TestPartResultArrayE
FN:2035,_ZN7testing32ScopedFakeTestPartResultReporterC2ENS0_13InterceptModeEPNS_19TestPartResultArrayE
FN:2042,_ZN7testing32ScopedFakeTestPartResultReporter4InitEv
FN:2055,_ZN7testing32ScopedFakeTestPartResultReporterD0Ev
FN:2055,_ZN7testing32ScopedFakeTestPartResultReporterD2Ev
FN:2066,_ZN7testing32ScopedFakeTestPartResultReporter20ReportTestPartResultERKNS_14TestPartResultE
FN:2082,_ZN7testing8internal13GetTestTypeIdEv
FN:2093,_ZN7testing8internal13HasOneFailureEPKcS2_S2_RKNS_19TestPartResultArrayENS_14TestPartResult4TypeERKNSt7__cxx1112basic_stringIcSt11char_traitsIcESaIcEEE
FN:2132,_ZN7testing8internal20SingleFailureCheckerC2EPKNS_19TestPartResultArrayENS_14TestPartResult4TypeERKNSt7__cxx1112basic_stringIcSt11char_traitsIcESaIcEEE
FN:2144,_ZN7testing8internal20SingleFailureCheckerD2Ev
FN:2148,_ZN7testing8internal35DefaultGlobalTestPartResultReporterC2EPNS0_12UnitTestImplE
FN:2151,_ZN7testing8internal35DefaultGlobalTestPartResultReporter20ReportTestPartResultERKNS_14TestPartResultE
FN:2157,_ZN7testing8internal38DefaultPerThreadTestPartResultReporterC2EPNS0_12UnitTestImplE
FN:2160,_ZN7testing8internal38DefaultPerThreadTestPartResultReporter20ReportTestPartResultERKNS_14TestPartResultE
FN:2167,_ZN7testing8internal12UnitTestImpl31GetGlobalTestPartResultReporterEv
FN:2173,_ZN7testing8internal12UnitTestImpl31SetGlobalTestPartResultReporterEPNS_31TestPartResultReporterInterfaceE
FN:2181,_ZN7testing8internal12UnitTestImpl41GetTestPartResultReporterForCurrentThreadEv
FN:2186,_ZN7testing8internal12UnitTestImpl41SetTestPartResultReporterForCurrentThreadEPNS_31TestPartResultReporterInterfaceE
FN:2192,_ZNK7testing8internal12UnitTestImpl26successful_test_case_countEv
FN:2197,_ZNK7testing8internal12UnitTestImpl22failed_test_case_countEv
FN:2202,_ZNK7testing8internal12UnitTestImpl21total_test_case_countEv
FN:2208,_ZNK7testing8internal12UnitTestImpl22test_case_to_run_countEv
FN:2213,_ZNK7testing8internal12UnitTestImpl21successful_test_countEv
FN:2218,_ZNK7testing8internal12UnitTestImpl17failed_test_countEv
FN:2223,_ZNK7testing8internal12UnitTestImpl30reportable_disabled_test_countEv
FN:2229,_ZNK7testing8internal12UnitTestImpl19disabled_test_countEv
FN:2234,_ZNK7testing8internal12UnitTestImpl21reportable_test_countEv
FN:2239,_ZNK7testing8internal12UnitTestImpl16total_test_countEv
FN:2244,_ZNK7testing8internal12UnitTestImpl17test_to_run_countEv
FN:2258,_ZN7testing8internal12UnitTestImpl28CurrentOsStackTraceExceptTopB5cxx11Ei
FN:2264,_ZN7testing8internal15GetTimeInMillisEv
FN:2360,_ZN7testing8internal6String13CStringEqualsEPKcS3_
FN:2372,_ZN7testing8internalL24StreamWideCharsToMessageEPKwmPNS_7MessageE
FN:2395,_ZN7testing7MessageC2Ev
FN:2403,_ZN7testing7MessagelsEPKw
FN:2406,_ZN7testing7MessagelsEPw
FN:2413,_ZN7testing7MessagelsERKNSt7__cxx1112basic_stringIwSt11char_traitsIwESaIwEEE
FN:2430,_ZNK7testing7Message9GetStringB5cxx11Ev
FN:2436,_ZN7testing15AssertionResultC2ERKS0_
FN:2444,_ZNK7testing15AssertionResultntEv
FN:2452,_ZN7testing16AssertionSuccessEv
FN:2457,_ZN7testing16AssertionFailureEv
FN:2463,_ZN7testing16AssertionFailureERKNS_7MessageE
FN:2484,_ZN7testing8internal9EqFailureEPKcS2_RKNSt7__cxx1112basic_stringIcSt11char_traitsIcESaIcEEESA_b
FN:2507,_ZN7testing8internal30GetBoolAssertionFailureMessageB5cxx11ERKNS_15AssertionResultEPKcS5_S5_
FN:2523,_ZN7testing8internal20DoubleNearPredFormatEPKcS2_S2_ddd
FN:2545,_ZN7testing8internal15FloatingPointLEIdEENS_15AssertionResultEPKcS4_T_S5_
FN:2545,_ZN7testing8internal15FloatingPointLEIfEENS_15AssertionResultEPKcS4_T_S5_
FN:2582,_ZN7testing7FloatLEEPKcS1_ff
FN:2589,_ZN7testing8DoubleLEEPKcS1_dd
FN:2598,_ZN7testing8internal11CmpHelperEQEPKcS2_xx
FN:2631,_ZN7testing8internal11CmpHelperNEEPKcS2_xx
FN:2634,_ZN7testing8internal11CmpHelperLEEPKcS2_xx
FN:2637,_ZN7testing8internal11CmpHelperLTEPKcS2_xx
FN:2640,_ZN7testing8internal11CmpHelperGEEPKcS2_xx
FN:2643,_ZN7testing8internal11CmpHelperGTEPKcS2_xx
FN:2648,_ZN7testing8internal14CmpHelperSTREQEPKcS2_S2_S2_
FN:2664,_ZN7testing8internal18CmpHelperSTRCASEEQEPKcS2_S2_S2_
FN:2680,_ZN7testing8internal14CmpHelperSTRNEEPKcS2_S2_S2_
FN:2694,_ZN7testing8internal18CmpHelperSTRCASENEEPKcS2_S2_S2_
FN:2718,_ZN7testing12_GLOBAL__N_115IsSubstringPredEPKcS2_
FN:2725,_ZN7testing12_GLOBAL__N_115IsSubstringPredEPKwS2_
FN:2734,_ZN7testing12_GLOBAL__N_115IsSubstringPredINSt7__cxx1112basic_stringIwSt11char_traitsIwESaIwEEEEEbRKT_SA_
FN:2734,_ZN7testing12_GLOBAL__N_115IsSubstringPredINSt7__cxx1112basic_stringIcSt11char_traitsIcESaIcEEEEEbRKT_SA_
FN:2744,_ZN7testing12_GLOBAL__N_115IsSubstringImplINSt7__cxx1112basic_stringIcSt11char_traitsIcESaIcEEEEENS_15AssertionResultEbPKcSA_RKT_SD_
FN:2744,_ZN7testing12_GLOBAL__N_115IsSubstringImplIPKwEENS_15AssertionResultEbPKcS6_RKT_S9_
FN:2744,_ZN7testing12_GLOBAL__N_115IsSubstringImplIPKcEENS_15AssertionResultEbS3_S3_RKT_S7_
FN:2744,_ZN7testing12_GLOBAL__N_115IsSubstringImplINSt7__cxx1112basic_stringIwSt11char_traitsIwESaIwEEEEENS_15AssertionResultEbPKcSA_RKT_SD_
FN:2767,_ZN7testing11IsSubstringEPKcS1_S1_S1_
FN:2773,_ZN7testing11IsSubstringEPKcS1_PKwS3_
FN:2779,_ZN7testing14IsNotSubstringEPKcS1_S1_S1_
FN:2785,_ZN7testing14IsNotSubstringEPKcS1_PKwS3_
FN:2791,_ZN7testing11IsSubstringEPKcS1_RKNSt7__cxx1112basic_stringIcSt11char_traitsIcESaIcEEES9_
FN:2797,_ZN7testing14IsNotSubstringEPKcS1_RKNSt7__cxx1112basic_stringIcSt11char_traitsIcESaIcEEES9_
FN:2804,_ZN7testing11IsSubstringEPKcS1_RKNSt7__cxx1112basic_stringIwSt11char_traitsIwESaIwEEES9_
FN:2810,_ZN7testing14IsNotSubstringEPKcS1_RKNSt7__cxx1112basic_stringIwSt11char_traitsIwESaIwEEES9_
FN:2908,_ZN7testing8internal11ChopLowBitsEPji
FN:2920,_ZN7testing8internal15CodePointToUtf8B5cxx11Ej
FN:2955,_ZN7testing8internal20IsUtf16SurrogatePairEww
FN:2961,_ZN7testing8internal37CreateCodePointFromUtf16SurrogatePairEww
FN:2984,_ZN7testing8internal16WideStringToUtf8B5cxx11EPKwi
FN:3009,_ZN7testing8internal6String15ShowWideCStringB5cxx11EPKw
FN:3021,_ZN7testing8internal6String17WideCStringEqualsEPKwS3_
FN:3030,_ZN7testing8internal14CmpHelperSTREQEPKcS2_PKwS4_
FN:3046,_ZN7testing8internal14CmpHelperSTRNEEPKcS2_PKwS4_
FN:3066,_ZN7testing8internal6String28CaseInsensitiveCStringEqualsEPKcS3_
FN:3086,_ZN7testing8internal6String32CaseInsensitiveWideCStringEqualsEPKwS3_
FN:3110,_ZN7testing8internal6String23EndsWithCaseInsensitiveERKNSt7__cxx1112basic_stringIcSt11char_traitsIcESaIcEEES9_
FN:3120,_ZN7testing8internal6String15FormatIntWidth2B5cxx11Ei
FN:3127,_ZN7testing8internal6String12FormatHexIntB5cxx11Ei
FN:3134,_ZN7testing8internal6String10FormatByteB5cxx11Eh
FN:3143,_ZN7testing8internal20StringStreamToStringEPNSt7__cxx1118basic_stringstreamIcSt11char_traitsIcESaIcEEE
FN:3162,_ZN7testing8internal17AppendUserMessageERKNSt7__cxx1112basic_stringIcSt11char_traitsIcESaIcEEERKNS_7MessageE
FN:3178,_ZN7testing10TestResultC2Ev
FN:3184,_ZN7testing10TestResultD2Ev
FN:3190,_ZNK7testing10TestResult17GetTestPartResultEi
FN:3199,_ZNK7testing10TestResult15GetTestPropertyEi
FN:3206,_ZN7testing10TestResult20ClearTestPartResultsEv
FN:3211,_ZN7testing10TestResult17AddTestPartResultERKNS_14TestPartResultE
FN:3218,_ZN7testing10TestResult14RecordPropertyERKNSt7__cxx1112basic_stringIcSt11char_traitsIcESaIcEEERKNS_12TestPropertyE
FN:3269,_ZN7testing13ArrayAsVectorILi6EEESt6vectorINSt7__cxx1112basic_stringIcSt11char_traitsIcESaIcEEESaIS7_EERAT__KPKc
FN:3269,_ZN7testing13ArrayAsVectorILi8EEESt6vectorINSt7__cxx1112basic_stringIcSt11char_traitsIcESaIcEEESaIS7_EERAT__KPKc
FN:3273,_ZN7testingL31GetReservedAttributesForElementERKNSt7__cxx1112basic_stringIcSt11char_traitsIcESaIcEEE
FN:3288,_ZN7testingL14FormatWordListERKSt6vectorINSt7__cxx1112basic_stringIcSt11char_traitsIcESaIcEEESaIS6_EE
FN:3302,_ZN7testing24ValidateTestPropertyNameERKNSt7__cxx1112basic_stringIcSt11char_traitsIcESaIcEEERKSt6vectorIS5_SaIS5_EE
FN:3316,_ZN7testing10TestResult20ValidateTestPropertyERKNSt7__cxx1112basic_stringIcSt11char_traitsIcESaIcEEERKNS_12TestPropertyE
FN:3323,_ZN7testing10TestResult5ClearEv
FN:3331,_ZNK7testing10TestResult6FailedEv
FN:3340,_ZN7testingL21TestPartFatallyFailedERKNS_14TestPartResultE
FN:3345,_ZNK7testing10TestResult15HasFatalFailureEv
FN:3350,_ZN7testingL24TestPartNonfatallyFailedERKNS_14TestPartResultE
FN:3355,_ZNK7testing10TestResult18HasNonfatalFailureEv
FN:3361,_ZNK7testing10TestResult16total_part_countEv
FN:3366,_ZNK7testing10TestResult19test_property_countEv
FN:3375,_ZN7testing4TestC2Ev
FN:3380,_ZN7testing4TestD0Ev
FN:3380,_ZN7testing4TestD2Ev
FN:3387,_ZN7testing4Test5SetUpEv
FN:3393,_ZN7testing4Test8TearDownEv
FN:3397,_ZN7testing4Test14RecordPropertyERKNSt7__cxx1112basic_stringIcSt11char_traitsIcESaIcEEES8_
FN:3402,_ZN7testing4Test14RecordPropertyERKNSt7__cxx1112basic_stringIcSt11char_traitsIcESaIcEEEi
FN:3410,_ZN7testing8internal30ReportFailureInUnknownLocationENS_14TestPartResult4TypeERKNSt7__cxx1112basic_stringIcSt11char_traitsIcESaIcEEE
FN:3429,_ZN7testing4Test19HasSameFixtureClassEv
FN:3512,_ZN7testing8internalL25FormatCxxExceptionMessageEPKcS2_
FN:3528,_ZN7testing8internal26GoogleTestFailureExceptionC2ERKNS_14TestPartResultE
FN:3543,_ZN7testing8internal38HandleSehExceptionsInMethodIfSupportedINS0_12UnitTestImplEbEET0_PT_MS4_FS3_vEPKc
FN:3543,_ZN7testing8internal38HandleSehExceptionsInMethodIfSupportedINS0_15TestFactoryBaseEPNS_4TestEEET0_PT_MS6_FS5_vEPKc
FN:3543,_ZN7testing8internal38HandleSehExceptionsInMethodIfSupportedINS_4TestEvEET0_PT_MS4_FS3_vEPKc
FN:3543,_ZN7testing8internal38HandleSehExceptionsInMethodIfSupportedINS_8TestCaseEvEET0_PT_MS4_FS3_vEPKc
FN:3570,_ZN7testing8internal35HandleExceptionsInMethodIfSupportedINS0_15TestFactoryBaseEPNS_4TestEEET0_PT_MS6_FS5_vEPKc
FN:3570,_ZN7testing8internal35HandleExceptionsInMethodIfSupportedINS0_12UnitTestImplEbEET0_PT_MS4_FS3_vEPKc
FN:3570,_ZN7testing8internal35HandleExceptionsInMethodIfSupportedINS_8TestCaseEvEET0_PT_MS4_FS3_vEPKc
FN:3570,_ZN7testing8internal35HandleExceptionsInMethodIfSupportedINS_4TestEvEET0_PT_MS4_FS3_vEPKc
FN:3625,_ZN7testing4Test3RunEv
FN:3647,_ZN7testing4Test15HasFatalFailureEv
FN:3652,_ZN7testing4Test18HasNonfatalFailureEv
FN:3661,_ZN7testing8TestInfoC2ERKNSt7__cxx1112basic_stringIcSt11char_traitsIcESaIcEEES8_PKcSA_PKvPNS_8internal15TestFactoryBaseE
FN:3679,_ZN7testing8TestInfoD2Ev
FN:3700,_ZN7testing8internal23MakeAndRegisterTestInfoEPKcS2_S2_S2_PKvPFvvES6_PNS0_15TestFactoryBaseE
FN:3717,_ZN7testing8internal25ReportInvalidTestCaseTypeEPKcS2_i
FN:3771,_ZN7testing8internal12UnitTestImpl26RegisterParameterizedTestsEv
FN:3784,_ZN7testing8TestInfo3RunEv
FN:3831,_ZNK7testing8TestCase21successful_test_countEv
FN:3836,_ZNK7testing8TestCase17failed_test_countEv
FN:3841,_ZNK7testing8TestCase30reportable_disabled_test_countEv
FN:3846,_ZNK7testing8TestCase19disabled_test_countEv
FN:3851,_ZNK7testing8TestCase21reportable_test_countEv
FN:3856,_ZNK7testing8TestCase17test_to_run_countEv
FN:3861,_ZNK7testing8TestCase16total_test_countEv
FN:3874,_ZN7testing8TestCaseC2EPKcS2_PFvvES4_
FN:3886,_ZN7testing8TestCaseD2Ev
FN:3886,_ZN7testing8TestCaseD0Ev
FN:3893,_ZNK7testing8TestCase11GetTestInfoEi
FN:3900,_ZN7testing8TestCase18GetMutableTestInfoEi
FN:3907,_ZN7testing8TestCase11AddTestInfoEPNS_8TestInfoE
FN:3913,_ZN7testing8TestCase3RunEv
FN:3941,_ZN7testing8TestCase11ClearResultEv
FN:3947,_ZN7testing8TestCase12ShuffleTestsEPNS_8internal6RandomE
FN:3952,_ZN7testing8TestCase14UnshuffleTestsEv
FN:3963,_ZN7testingL19FormatCountableNounEiPKcS1_
FN:3971,_ZN7testingL15FormatTestCountEi
FN:3976,_ZN7testingL19FormatTestCaseCountEi
FN:3984,_ZN7testingL26TestPartResultTypeToStringENS_14TestPartResult4TypeE
FN:4004,_ZN7testing8internalL27PrintTestPartResultToStringERKNS_14TestPartResultE
FN:4014,_ZN7testing8internalL19PrintTestPartResultERKNS_14TestPartResultE
FN:4057,_ZN7testing8internal16GetAnsiColorCodeENS0_10GTestColorE
FN:4069,_ZN7testing8internal14ShouldUseColorEb
FN:4105,_ZN7testing8internal13ColoredPrintfENS0_10GTestColorEPKcz
FN:4156,_ZN7testing8internal29PrintFullTestCommentIfPresentERKNS_8TestInfoE
FN:4176,_ZN7testing8internal27PrettyUnitTestResultPrinterD2Ev
FN:4176,_ZN7testing8internal27PrettyUnitTestResultPrinterD0Ev
FN:4178,_ZN7testing8internal27PrettyUnitTestResultPrinterC2Ev
FN:4179,_ZN7testing8internal27PrettyUnitTestResultPrinter13PrintTestNameEPKcS3_
FN:4184,_ZN7testing8internal27PrettyUnitTestResultPrinter18OnTestProgramStartERKNS_8UnitTestE
FN:4187,_ZN7testing8internal27PrettyUnitTestResultPrinter22OnEnvironmentsSetUpEndERKNS_8UnitTestE
FN:4194,_ZN7testing8internal27PrettyUnitTestResultPrinter25OnEnvironmentsTearDownEndERKNS_8UnitTestE
FN:4196,_ZN7testing8internal27PrettyUnitTestResultPrinter16OnTestProgramEndERKNS_8UnitTestE
FN:4203,_ZN7testing8internal27PrettyUnitTestResultPrinter20OnTestIterationStartERKNS_8UnitTestEi
FN:4238,_ZN7testing8internal27PrettyUnitTestResultPrinter24OnEnvironmentsSetUpStartERKNS_8UnitTestE
FN:4245,_ZN7testing8internal27PrettyUnitTestResultPrinter15OnTestCaseStartERKNS_8TestCaseE
FN:4258,_ZN7testing8internal27PrettyUnitTestResultPrinter11OnTestStartERKNS_8TestInfoE
FN:4266,_ZN7testing8internal27PrettyUnitTestResultPrinter16OnTestPartResultERKNS_14TestPartResultE
FN:4277,_ZN7testing8internal27PrettyUnitTestResultPrinter9OnTestEndERKNS_8TestInfoE
FN:4296,_ZN7testing8internal27PrettyUnitTestResultPrinter13OnTestCaseEndERKNS_8TestCaseE
FN:4308,_ZN7testing8internal27PrettyUnitTestResultPrinter27OnEnvironmentsTearDownStartERKNS_8UnitTestE
FN:4316,_ZN7testing8internal27PrettyUnitTestResultPrinter16PrintFailedTestsERKNS_8UnitTestE
FN:4340,_ZN7testing8internal27PrettyUnitTestResultPrinter18OnTestIterationEndERKNS_8UnitTestEi
FN:4385,_ZN7testing8internal17TestEventRepeaterC2Ev
FN:4392,_ZNK7testing8internal17TestEventRepeater18forwarding_enabledEv
FN:4393,_ZN7testing8internal17TestEventRepeater22set_forwarding_enabledEb
FN:4419,_ZN7testing8internal17TestEventRepeaterD2Ev
FN:4419,_ZN7testing8internal17TestEventRepeaterD0Ev
FN:4423,_ZN7testing8internal17TestEventRepeater6AppendEPNS_17TestEventListenerE
FN:4428,_ZN7testing8internal17TestEventRepeater7ReleaseEPNS_17TestEventListenerE
FN:4460,_ZN7testing8internal17TestEventRepeater18OnTestProgramStartERKNS_8UnitTestE
FN:4461,_ZN7testing8internal17TestEventRepeater24OnEnvironmentsSetUpStartERKNS_8UnitTestE
FN:4462,_ZN7testing8internal17TestEventRepeater15OnTestCaseStartERKNS_8TestCaseE
FN:4463,_ZN7testing8internal17TestEventRepeater11OnTestStartERKNS_8TestInfoE
FN:4464,_ZN7testing8internal17TestEventRepeater16OnTestPartResultERKNS_14TestPartResultE
FN:4465,_ZN7testing8internal17TestEventRepeater27OnEnvironmentsTearDownStartERKNS_8UnitTestE
FN:4466,_ZN7testing8internal17TestEventRepeater22OnEnvironmentsSetUpEndERKNS_8UnitTestE
FN:4467,_ZN7testing8internal17TestEventRepeater25OnEnvironmentsTearDownEndERKNS_8UnitTestE
FN:4468,_ZN7testing8internal17TestEventRepeater9OnTestEndERKNS_8TestInfoE
FN:4469,_ZN7testing8internal17TestEventRepeater13OnTestCaseEndERKNS_8TestCaseE
FN:4470,_ZN7testing8internal17TestEventRepeater16OnTestProgramEndERKNS_8UnitTestE
FN:4475,_ZN7testing8internal17TestEventRepeater20OnTestIterationStartERKNS_8UnitTestEi
FN:4484,_ZN7testing8internal17TestEventRepeater18OnTestIterationEndERKNS_8UnitTestEi
FN:4496,_ZN7testing8internal24XmlUnitTestResultPrinterD0Ev
FN:4496,_ZN7testing8internal24XmlUnitTestResultPrinterD2Ev
FN:4505,_ZN7testing8internal24XmlUnitTestResultPrinter24IsNormalizableWhitespaceEc
FN:4510,_ZN7testing8internal24XmlUnitTestResultPrinter19IsValidXmlCharacterEc
FN:4524,_ZN7testing8internal24XmlUnitTestResultPrinter18EscapeXmlAttributeERKNSt7__cxx1112basic_stringIcSt11char_traitsIcESaIcEEE
FN:4569,_ZN7testing8internal24XmlUnitTestResultPrinterC2EPKc
FN:4579,_ZN7testing8internal24XmlUnitTestResultPrinter18OnTestIterationEndERKNS_8UnitTestEi
FN:4623,_ZN7testing8internal24XmlUnitTestResultPrinter9EscapeXmlERKNSt7__cxx1112basic_stringIcSt11char_traitsIcESaIcEEEb
FN:4669,_ZN7testing8internal24XmlUnitTestResultPrinter26RemoveInvalidXmlCharactersERKNSt7__cxx1112basic_stringIcSt11char_traitsIcESaIcEEE
FN:4697,_ZN7testing8internal27FormatTimeInMillisAsSecondsB5cxx11Ex
FN:4705,_ZN7testing8internal32FormatEpochTimeInMillisAsIso8601B5cxx11Ex
FN:4730,_ZN7testing8internal24XmlUnitTestResultPrinter21OutputXmlCDataSectionEPSoPKc
FN:4749,_ZN7testing8internal24XmlUnitTestResultPrinter18OutputXmlAttributeEPSoRKNSt7__cxx1112basic_stringIcSt11char_traitsIcESaIcEEESA_SA_
FN:4767,_ZN7testing8internal24XmlUnitTestResultPrinter17OutputXmlTestInfoEPSoPKcRKNS_8TestInfoE
FN:4817,_ZN7testing8internal24XmlUnitTestResultPrinter16PrintXmlTestCaseEPSoRKNS_8TestCaseE
FN:4843,_ZN7testing8internal24XmlUnitTestResultPrinter16PrintXmlUnitTestEPSoRKNS_8UnitTestE
FN:4883,_ZN7testing8internal24XmlUnitTestResultPrinter29TestPropertiesAsXmlAttributesB5cxx11ERKNS_10TestResultE
FN:4903,_ZN7testing8internal17StreamingListener9UrlEncodeB5cxx11EPKc
FN:4922,_ZN7testing8internal17StreamingListener12SocketWriter14MakeConnectionEv
FN:4970,_ZN7testing8internal11ScopedTraceC2EPKciRKNS_7MessageE
FN:4981,_ZN7testing8internal11ScopedTraceD2Ev
FN:4996,_ZN7testing8internal18OsStackTraceGetter17CurrentStackTraceB5cxx11Eii
FN:5002,_ZN7testing8internal18OsStackTraceGetter16UponLeavingGTestEv
FN:5014,_ZN7testing8internal23ScopedPrematureExitFileC2EPKc
FN:5027,_ZN7testing8internal23ScopedPrematureExitFileD2Ev
FN:5043,_ZN7testing18TestEventListenersC2Ev
FN:5049,_ZN7testing18TestEventListenersD2Ev
FN:5055,_ZN7testing18TestEventListeners6AppendEPNS_17TestEventListenerE
FN:5062,_ZN7testing18TestEventListeners7ReleaseEPNS_17TestEventListenerE
FN:5072,_ZN7testing18TestEventListeners8repeaterEv
FN:5079,_ZN7testing18TestEventListeners23SetDefaultResultPrinterEPNS_17TestEventListenerE
FN:5095,_ZN7testing18TestEventListeners22SetDefaultXmlGeneratorEPNS_17TestEventListenerE
FN:5108,_ZNK7testing18TestEventListeners22EventForwardingEnabledEv
FN:5112,_ZN7testing18TestEventListeners23SuppressEventForwardingEv
FN:5125,_ZN7testing8UnitTest11GetInstanceEv
FN:5147,_ZNK7testing8UnitTest26successful_test_case_countEv
FN:5152,_ZNK7testing8UnitTest22failed_test_case_countEv
FN:5157,_ZNK7testing8UnitTest21total_test_case_countEv
FN:5163,_ZNK7testing8UnitTest22test_case_to_run_countEv
FN:5168,_ZNK7testing8UnitTest21successful_test_countEv
FN:5173,_ZNK7testing8UnitTest17failed_test_countEv
FN:5176,_ZNK7testing8UnitTest30reportable_disabled_test_countEv
FN:5181,_ZNK7testing8UnitTest19disabled_test_countEv
FN:5186,_ZNK7testing8UnitTest21reportable_test_countEv
FN:5191,_ZNK7testing8UnitTest16total_test_countEv
FN:5194,_ZNK7testing8UnitTest17test_to_run_countEv
FN:5198,_ZNK7testing8UnitTest15start_timestampEv
FN:5203,_ZNK7testing8UnitTest12elapsed_timeEv
FN:5208,_ZNK7testing8UnitTest6PassedEv
FN:5212,_ZNK7testing8UnitTest6FailedEv
FN:5216,_ZNK7testing8UnitTest11GetTestCaseEi
FN:5222,_ZNK7testing8UnitTest18ad_hoc_test_resultEv
FN:5228,_ZN7testing8UnitTest18GetMutableTestCaseEi
FN:5234,_ZN7testing8UnitTest9listenersEv
FN:5248,_ZN7testing8UnitTest14AddEnvironmentEPNS_11EnvironmentE
FN:5261,_ZN7testing8UnitTest17AddTestPartResultENS_14TestPartResult4TypeEPKciRKNSt7__cxx1112basic_stringIcSt11char_traitsIcESaIcEEESC_
FN:5328,_ZN7testing8UnitTest14RecordPropertyERKNSt7__cxx1112basic_stringIcSt11char_traitsIcESaIcEEES8_
FN:5338,_ZN7testing8UnitTest3RunEv
FN:5418,_ZNK7testing8UnitTest20original_working_dirEv
FN:5424,_ZNK7testing8UnitTest17current_test_caseEv
FN:5432,_ZNK7testing8UnitTest17current_test_infoEv
FN:5439,_ZNK7testing8UnitTest11random_seedEv
FN:5445,_ZN7testing8UnitTest27parameterized_test_registryEv
FN:5452,_ZN7testing8UnitTestC2Ev
FN:5457,_ZN7testing8UnitTestD2Ev
FN:5457,_ZN7testing8UnitTestD0Ev
FN:5463,_ZN7testing8UnitTest14PushGTestTraceERKNS_8internal9TraceInfoE
FN:5470,_ZN7testing8UnitTest13PopGTestTraceEv
FN:5478,_ZN7testing8internal12UnitTestImplC2EPNS_8UnitTestE
FN:5517,_ZN7testing8internal12UnitTestImplD2Ev
FN:5517,_ZN7testing8internal12UnitTestImplD0Ev
FN:5532,_ZN7testing8internal12UnitTestImpl14RecordPropertyERKNS_12TestPropertyE
FN:5552,_ZN7testing8internal12UnitTestImpl32SuppressTestEventsIfInSubprocessEv
FN:5560,_ZN7testing8internal12UnitTestImpl18ConfigureXmlOutputEv
FN:5575,_ZN7testing8internal12UnitTestImpl24ConfigureStreamingOutputEv
FN:5596,_ZN7testing8internal12UnitTestImpl19PostFlagParsingInitEv
FN:5630,_ZN7testing8internal14TestCaseNameIsC2ERKS1_
FN:5630,_ZN7testing8internal14TestCaseNameIsD2Ev
FN:5633,_ZN7testing8internal14TestCaseNameIsC2ERKNSt7__cxx1112basic_stringIcSt11char_traitsIcESaIcEEE
FN:5637,_ZNK7testing8internal14TestCaseNameIsclEPKNS_8TestCaseE
FN:5657,_ZN7testing8internal12UnitTestImpl11GetTestCaseEPKcS3_PFvvES5_
FN:5694,_ZN7testing8internalL16SetUpEnvironmentEPNS_11EnvironmentE
FN:5695,_ZN7testing8internalL19TearDownEnvironmentEPNS_11EnvironmentE
FN:5706,_ZN7testing8internal12UnitTestImpl11RunAllTestsEv
FN:5843,_ZN7testing8internal30WriteToShardStatusFileIfNeededEv
FN:5865,_ZN7testing8internal11ShouldShardEPKcS2_b
FN:5910,_ZN7testing8internal17Int32FromEnvOrDieEPKci
FN:5928,_ZN7testing8internal20ShouldRunTestOnShardEiii
FN:5939,_ZN7testing8internal12UnitTestImpl11FilterTestsENS1_18ReactionToShardingE
FN:5996,_ZN7testing8internalL14PrintOnOneLineEPKci
FN:6015,_ZN7testing8internal12UnitTestImpl23ListTestsMatchingFilterEv
FN:6057,_ZN7testing8internal12UnitTestImpl25set_os_stack_trace_getterEPNS0_27OsStackTraceGetterInterfaceE
FN:6068,_ZN7testing8internal12UnitTestImpl21os_stack_trace_getterEv
FN:6078,_ZN7testing8internal12UnitTestImpl19current_test_resultEv
FN:6085,_ZN7testing8internal12UnitTestImpl12ShuffleTestsEv
FN:6100,_ZN7testing8internal12UnitTestImpl14UnshuffleTestsEv
FN:6119,_ZN7testing8internal31GetCurrentOsStackTraceExceptTopB5cxx11EPNS_8UnitTestEi
FN:6132,_ZN7testing8internal6IsTrueEb
FN:6134,_ZN7testing8internal10AlwaysTrueEv
FN:6147,_ZN7testing8internal10SkipPrefixEPKcPS2_
FN:6161,_ZN7testing8internal14ParseFlagValueEPKcS2_b
FN:6199,_ZN7testing8internal13ParseBoolFlagEPKcS2_Pb
FN:6216,_ZN7testing8internal14ParseInt32FlagEPKcS2_Pi
FN:6233,_ZN7testing8internal15ParseStringFlagEPKcS2_PNSt7__cxx1112basic_stringIcSt11char_traitsIcESaIcEEE
FN:6251,_ZN7testing8internalL23HasGoogleTestFlagPrefixEPKc
FN:6271,_ZN7testing8internalL17PrintColorEncodedEPKc
FN:6373,_ZN7testing8internal28ParseGoogleTestFlagsOnlyImplIwEEvPiPPT_
FN:6373,_ZN7testing8internal28ParseGoogleTestFlagsOnlyImplIcEEvPiPPT_
FN:6443,_ZN7testing8internal24ParseGoogleTestFlagsOnlyEPiPPc
FN:6446,_ZN7testing8internal24ParseGoogleTestFlagsOnlyEPiPPw
FN:6455,_ZN7testing8internal18InitGoogleTestImplIwEEvPiPPT_
FN:6455,_ZN7testing8internal18InitGoogleTestImplIcEEvPiPPT_
FN:6489,_ZN7testing14InitGoogleTestEPiPPc
FN:6495,_ZN7testing14InitGoogleTestEPiPPw
FN:6624,_ZN7testing8internal16InDeathTestChildEv
FN:6643,_ZN7testing14ExitedWithCodeC2Ei
FN:6647,_ZNK7testing14ExitedWithCodeclEi
FN:6661,_ZN7testing14KilledBySignalC2Ei
FN:6665,_ZNK7testing14KilledBySignalclEi
FN:6676,_ZN7testing8internalL11ExitSummaryEi
FN:6702,_ZN7testing8internal20ExitedUnsuccessfullyEi
FN:6711,_ZN7testing8internalL22DeathTestThreadWarningEm
FN:6745,_ZN7testing8internal14DeathTestAbortERKNSt7__cxx1112basic_stringIcSt11char_traitsIcESaIcEEE
FN:6798,_ZN7testing8internal23GetLastErrnoDescriptionB5cxx11Ev
FN:6806,_ZN7testing8internalL21FailFromInternalErrorEi
FN:6829,_ZN7testing8internal9DeathTestC2Ev
FN:6839,_ZN7testing8internal9DeathTest6CreateEPKcPKNS0_2REES3_iPPS1_
FN:6845,_ZN7testing8internal9DeathTest11LastMessageEv
FN:6849,_ZN7testing8internal9DeathTest27set_last_death_test_messageERKNSt7__cxx1112basic_stringIcSt11char_traitsIcESaIcEEE
FN:6858,_ZN7testing8internal13DeathTestImplC2EPKcPKNS0_2REE
FN:6868,_ZN7testing8internal13DeathTestImplD2Ev
FN:6868,_ZN7testing8internal13DeathTestImplD0Ev
FN:6873,_ZNK7testing8internal13DeathTestImpl9statementEv
FN:6874,_ZNK7testing8internal13DeathTestImpl5regexEv
FN:6875,_ZNK7testing8internal13DeathTestImpl7spawnedEv
FN:6876,_ZN7testing8internal13DeathTestImpl11set_spawnedEb
FN:6877,_ZNK7testing8internal13DeathTestImpl6statusEv
FN:6878,_ZN7testing8internal13DeathTestImpl10set_statusEi
FN:6879,_ZNK7testing8internal13DeathTestImpl7outcomeEv
FN:6880,_ZN7testing8internal13DeathTestImpl11set_outcomeENS0_16DeathTestOutcomeE
FN:6881,_ZNK7testing8internal13DeathTestImpl7read_fdEv
FN:6882,_ZN7testing8internal13DeathTestImpl11set_read_fdEi
FN:6883,_ZNK7testing8internal13DeathTestImpl8write_fdEv
FN:6884,_ZN7testing8internal13DeathTestImpl12set_write_fdEi
FN:6919,_ZN7testing8internal13DeathTestImpl26ReadAndInterpretStatusByteEv
FN:6964,_ZN7testing8internal13DeathTestImpl5AbortENS0_9DeathTest11AbortReasonE
FN:6987,_ZN7testing8internalL21FormatDeathTestOutputERKNSt7__cxx1112basic_stringIcSt11char_traitsIcESaIcEEE
FN:7024,_ZN7testing8internal13DeathTestImpl6PassedEb
FN:7270,_ZN7testing8internal16ForkingDeathTestD2Ev
FN:7270,_ZN7testing8internal16ForkingDeathTestD0Ev
FN:7278,_ZN7testing8internal16ForkingDeathTest13set_child_pidEi
FN:7286,_ZN7testing8internal16ForkingDeathTestC2EPKcPKNS0_2REE
FN:7293,_ZN7testing8internal16ForkingDeathTest4WaitEv
FN:7307,_ZN7testing8internal15NoExecDeathTestD0Ev
FN:7307,_ZN7testing8internal15NoExecDeathTestD2Ev
FN:7309,_ZN7testing8internal15NoExecDeathTestC2EPKcPKNS0_2REE
FN:7316,_ZN7testing8internal15NoExecDeathTest10AssumeRoleEv
FN:7362,_ZN7testing8internal13ExecDeathTestD2Ev
FN:7362,_ZN7testing8internal13ExecDeathTestD0Ev
FN:7364,_ZN7testing8internal13ExecDeathTestC2EPKcPKNS0_2REES3_i
FN:7370,_ZN7testing8internal13ExecDeathTest32GetArgvsForDeathTestChildProcessB5cxx11Ev
FN:7383,_ZN7testing8internal9ArgumentsC2Ev
FN:7387,_ZN7testing8internal9ArgumentsD2Ev
FN:7393,_ZN7testing8internal9Arguments11AddArgumentEPKc
FN:7398,_ZN7testing8internal9Arguments12AddArgumentsINSt7__cxx1112basic_stringIcSt11char_traitsIcESaIcEEEEEvRKSt6vectorIT_SaISA_EE
FN:7405,_ZN7testing8internal9Arguments4ArgvEv
FN:7431,_ZN7testing8internal10GetEnvironEv
FN:7438,_ZN7testing8internalL22ExecDeathTestChildMainEPv
FN:7477,_ZN7testing8internal21StackLowerThanAddressEPKvPb
FN:7482,_ZN7testing8internal14StackGrowsDownEv
FN:7496,_ZN7testing8internalL23ExecDeathTestSpawnChildEPKPci
FN:7594,_ZN7testing8internal13ExecDeathTest10AssumeRoleEv
FN:7647,_ZN7testing8internal23DefaultDeathTestFactory6CreateEPKcPKNS0_2REES3_iPPNS0_9DeathTestE
FN:7702,_ZN7testing8internalL11SplitStringERKNSt7__cxx1112basic_stringIcSt11char_traitsIcESaIcEEEcPSt6vectorIS6_SaIS6_EE
FN:7790,_ZN7testing8internal29ParseInternalRunDeathTestFlagEv
FN:7926,_ZN7testing8internalL15IsPathSeparatorEc
FN:7935,_ZN7testing8internal8FilePath13GetCurrentDirEv
FN:7953,_ZNK7testing8internal8FilePath15RemoveExtensionEPKc
FN:7965,_ZNK7testing8internal8FilePath21FindLastPathSeparatorEv
FN:7984,_ZNK7testing8internal8FilePath19RemoveDirectoryNameEv
FN:7995,_ZNK7testing8internal8FilePath14RemoveFileNameEv
FN:8012,_ZN7testing8internal8FilePath12MakeFileNameERKS1_S3_iPKc
FN:8028,_ZN7testing8internal8FilePath11ConcatPathsERKS1_S3_
FN:8038,_ZNK7testing8internal8FilePath21FileOrDirectoryExistsEv
FN:8052,_ZNK7testing8internal8FilePath15DirectoryExistsEv
FN:8082,_ZNK7testing8internal8FilePath15IsRootDirectoryEv
FN:8094,_ZNK7testing8internal8FilePath14IsAbsolutePathEv
FN:8115,_ZN7testing8internal8FilePath22GenerateUniqueFileNameERKS1_S3_PKc
FN:8129,_ZNK7testing8internal8FilePath11IsDirectoryEv
FN:8137,_ZNK7testing8internal8FilePath28CreateDirectoriesRecursivelyEv
FN:8154,_ZNK7testing8internal8FilePath12CreateFolderEv
FN:8175,_ZNK7testing8internal8FilePath27RemoveTrailingPathSeparatorEv
FN:8185,_ZN7testing8internal8FilePath9NormalizeEv
FN:8338,_ZN7testing8internal14GetThreadCountEv
FN:8350,_ZN7testing8internal2RED2Ev
FN:8363,_ZN7testing8internal2RE9FullMatchEPKcRKS1_
FN:8372,_ZN7testing8internal2RE12PartialMatchEPKcRKS1_
FN:8380,_ZN7testing8internal2RE4InitEPKc
FN:8666,_ZN7testing8internal18FormatFileLocationB5cxx11EPKci
FN:8684,_ZN7testing8internal37FormatCompilerIndependentFileLocationB5cxx11EPKci
FN:8695,_ZN7testing8internal8GTestLogC2ENS0_16GTestLogSeverityEPKci
FN:8706,_ZN7testing8internal8GTestLogD2Ev
FN:8726,_ZN7testing8internal14CapturedStreamC2Ei
FN:8774,_ZN7testing8internal14CapturedStreamD2Ev
FN:8778,_ZN7testing8internal14CapturedStream17GetCapturedStringB5cxx11Ev
FN:8809,_ZN7testing8internal14CapturedStream11GetFileSizeEP8_IO_FILE
FN:8815,_ZN7testing8internal14CapturedStream14ReadEntireFileB5cxx11EP8_IO_FILE
FN:8845,_ZN7testing8internal13CaptureStreamEiPKcPPNS0_14CapturedStreamE
FN:8854,_ZN7testing8internal17GetCapturedStreamB5cxx11EPPNS0_14CapturedStreamE
FN:8864,_ZN7testing8internal13CaptureStdoutEv
FN:8869,_ZN7testing8internal13CaptureStderrEv
FN:8874,_ZN7testing8internal17GetCapturedStdoutB5cxx11Ev
FN:8879,_ZN7testing8internal17GetCapturedStderrB5cxx11Ev
FN:8893,_ZN7testing8internal18SetInjectableArgvsEPKSt6vectorINSt7__cxx1112basic_stringIcSt11char_traitsIcESaIcEEESaIS7_EE
FN:8899,_ZN7testing8internal18GetInjectableArgvsB5cxx11Ev
FN:8919,_ZN7testing8internalL12FlagToEnvVarEPKc
FN:8934,_ZN7testing8internal10ParseInt32ERKNS_7MessageEPKcPi
FN:8976,_ZN7testing8internal16BoolFromGTestEnvEPKcb
FN:8986,_ZN7testing8internal17Int32FromGTestEnvEPKci
FN:9008,_ZN7testing8internal18StringFromGTestEnvEPKcS2_
FN:9072,_ZN7testing12_GLOBAL__N_126PrintByteSegmentInObjectToEPKhmmPSo
FN:9091,_ZN7testing12_GLOBAL__N_124PrintBytesInObjectToImplEPKhmPSo
FN:9123,_ZN7testing9internal220PrintBytesInObjectToEPKhmPSo
FN:9146,_ZN7testing8internal16IsPrintableAsciiEw
FN:9155,_ZN7testing8internalL20PrintAsCharLiteralToIhhEENS0_10CharFormatET0_PSo
FN:9155,_ZN7testing8internalL20PrintAsCharLiteralToIhaEENS0_10CharFormatET0_PSo
FN:9155,_ZN7testing8internalL20PrintAsCharLiteralToIwwEENS0_10CharFormatET0_PSo
FN:9201,_ZN7testing8internalL22PrintAsStringLiteralToEwPSo
FN:9216,_ZN7testing8internalL22PrintAsStringLiteralToEcPSo
FN:9226,_ZN7testing8internal18PrintCharAndCodeToIhaEEvT0_PSo
FN:9226,_ZN7testing8internal18PrintCharAndCodeToIwwEEvT0_PSo
FN:9226,_ZN7testing8internal18PrintCharAndCodeToIhhEEvT0_PSo
FN:9250,_ZN7testing8internal7PrintToEhPSo
FN:9253,_ZN7testing8internal7PrintToEaPSo
FN:9259,_ZN7testing8internal7PrintToEwPSo
FN:9268,_ZN7testing8internalL20PrintCharsAsStringToIwEEvPKT_mPSo
FN:9268,_ZN7testing8internalL20PrintCharsAsStringToIcEEvPKT_mPSo
FN:9289,_ZN7testing8internalL23UniversalPrintCharArrayIwEEvPKT_mPSo
FN:9289,_ZN7testing8internalL23UniversalPrintCharArrayIcEEvPKT_mPSo
FN:9312,_ZN7testing8internal19UniversalPrintArrayEPKcmPSo
FN:9318,_ZN7testing8internal19UniversalPrintArrayEPKwmPSo
FN:9323,_ZN7testing8internal7PrintToEPKcPSo
FN:9340,_ZN7testing8internal7PrintToEPKwPSo
FN:9357,_ZN7testing8internal13PrintStringToERKNSt7__cxx1112basic_stringIcSt11char_traitsIcESaIcEEEPSo
FN:9369,_ZN7testing8internal17PrintWideStringToERKNSt7__cxx1112basic_stringIwSt11char_traitsIwESaIwEEEPSo
FN:9425,_ZN7testing14TestPartResult14ExtractSummaryB5cxx11EPKc
FN:9432,_ZN7testinglsERSoRKNS_14TestPartResultE
FN:9442,_ZN7testing19TestPartResultArray6AppendERKNS_14TestPartResultE
FN:9447,_ZNK7testing19TestPartResultArray17GetTestPartResultEi
FN:9457,_ZNK7testing19TestPartResultArray4sizeEv
FN:9463,_ZN7testing8internal24HasNewFatalFailureHelperC2Ev
FN:9470,_ZN7testing8internal24HasNewFatalFailureHelperD2Ev
FN:9470,_ZN7testing8internal24HasNewFatalFailureHelperD0Ev
FN:9475,_ZN7testing8internal24HasNewFatalFailureHelper20ReportTestPartResultERKNS_14TestPartResultE
FN:9524,_ZN7testing8internalL10SkipSpacesEPKc
FN:9533,_ZN7testing8internal19TypedTestCasePState25VerifyRegisteredTestNamesEPKciS3_
FN:9592,_GLOBAL__sub_I__ZN7testing8internal17kStackTraceMarkerE
FN:9592,_Z41__static_initialization_and_destruction_0ii
FNDA:0,_ZN7testing8internal21GetRandomSeedFromFlagEi
FNDA:0,_ZN7testing8internal17GetNextRandomSeedEi
FNDA:639,_ZN7testing8internal14GTestFlagSaverC2Ev
FNDA:639,_ZN7testing8internal14GTestFlagSaverD2Ev
FNDA:108,_ZN7testing8internal7CountIfISt6vectorIPNS_8TestInfoESaIS4_EEPFbPKS3_EEEiRKT_T0_
FNDA:1288,_ZN7testing8internal7CountIfISt6vectorINS_14TestPartResultESaIS3_EEPFbRKS3_EEEiRKT_T0_
FNDA:40,_ZN7testing8internal7CountIfISt6vectorIPNS_8TestCaseESaIS4_EEPFbPKS3_EEEiRKT_T0_
FNDA:10,_ZN7testing8internal7ForEachISt6vectorIPNS_11EnvironmentESaIS4_EEPFvS4_EEEvRKT_T0_
FNDA:0,_ZN7testing8internal7ForEachISt6vectorIPNS_17TestEventListenerESaIS4_EEPFvS4_EEEvRKT_T0_
FNDA:10,_ZN7testing8internal7ForEachISt6vectorIPNS_8TestInfoESaIS4_EEPFvS4_EEEvRKT_T0_
FNDA:10,_ZN7testing8internal7ForEachISt6vectorIPNS_8TestCaseESaIS4_EEPFvS4_EEEvRKT_T0_
FNDA:1039,_ZN7testing8internal12GetElementOrIiEET_RKSt6vectorIS2_SaIS2_EEiS2_
FNDA:0,_ZN7testing8internal12ShuffleRangeIiEEvPNS0_6RandomEiiPSt6vectorIT_SaIS5_EE
FNDA:0,_ZN7testing8internal7ShuffleIiEEvPNS0_6RandomEPSt6vectorIT_SaIS5_EE
FNDA:0,_ZN7testing8internalL6DeleteINS_11EnvironmentEEEvPT_
FNDA:0,_ZN7testing8internalL6DeleteINS_8TestCaseEEEvPT_
FNDA:0,_ZN7testing8internalL6DeleteINS_17TestEventListenerEEEvPT_
FNDA:0,_ZN7testing8internalL6DeleteINS_8TestInfoEEEvPT_
FNDA:0,_ZN7testing8internal17TestPropertyKeyIsC2ERKS1_
FNDA:0,_ZN7testing8internal17TestPropertyKeyIsD2Ev
FNDA:0,_ZN7testing8internal17TestPropertyKeyIsC2ERKNSt7__cxx1112basic_stringIcSt11char_traitsIcESaIcEEE
FNDA:0,_ZNK7testing8internal17TestPropertyKeyIsclERKNS_12TestPropertyE
FNDA:10,_ZN7testing8internal27OsStackTraceGetterInterfaceC2Ev
FNDA:0,_ZN7testing8internal27OsStackTraceGetterInterfaceD0Ev
FNDA:0,_ZN7testing8internal27OsStackTraceGetterInterfaceD2Ev
FNDA:0,_ZN7testing8internal18OsStackTraceGetterD0Ev
FNDA:0,_ZN7testing8internal18OsStackTraceGetterD2Ev
FNDA:10,_ZN7testing8internal18OsStackTraceGetterC2Ev
FNDA:0,_ZN7testing8internal9TraceInfoC2EOS1_
FNDA:0,_ZN7testing8internal9TraceInfoC2ERKS1_
FNDA:0,_ZN7testing8internal9TraceInfoD2Ev
FNDA:0,_ZN7testing8internal9TraceInfoC2Ev
FNDA:0,_ZN7testing8internal35DefaultGlobalTestPartResultReporterD0Ev
FNDA:0,_ZN7testing8internal35DefaultGlobalTestPartResultReporterD2Ev
FNDA:0,_ZN7testing8internal38DefaultPerThreadTestPartResultReporterD0Ev
FNDA:0,_ZN7testing8internal38DefaultPerThreadTestPartResultReporterD2Ev
FNDA:0,_ZNK7testing8internal12UnitTestImpl15start_timestampEv
FNDA:10,_ZNK7testing8internal12UnitTestImpl12elapsed_timeEv
FNDA:20,_ZNK7testing8internal12UnitTestImpl6PassedEv
FNDA:20,_ZNK7testing8internal12UnitTestImpl6FailedEv
FNDA:6,_ZNK7testing8internal12UnitTestImpl11GetTestCaseEi
FNDA:10,_ZN7testing8internal12UnitTestImpl18GetMutableTestCaseEi
FNDA:676,_ZN7testing8internal12UnitTestImpl9listenersEv
FNDA:8,_ZNK7testing8internal12UnitTestImpl18ad_hoc_test_resultEv
FNDA:639,_ZN7testing8internal12UnitTestImpl11AddTestInfoEPFvvES3_PNS_8TestInfoE
FNDA:0,_ZN7testing8internal12UnitTestImpl27parameterized_test_registryEv
FNDA:20,_ZN7testing8internal12UnitTestImpl21set_current_test_caseEPNS_8TestCaseE
FNDA:1278,_ZN7testing8internal12UnitTestImpl21set_current_test_infoEPNS_8TestInfoE
FNDA:10,_ZN7testing8internal12UnitTestImpl23ClearNonAdHocTestResultEv
FNDA:639,_ZNK7testing8internal12UnitTestImpl17current_test_caseEv
FNDA:639,_ZN7testing8internal12UnitTestImpl17current_test_infoEv
FNDA:0,_ZNK7testing8internal12UnitTestImpl17current_test_infoEv
FNDA:0,_ZN7testing8internal12UnitTestImpl12environmentsEv
FNDA:7,_ZN7testing8internal12UnitTestImpl17gtest_trace_stackEv
FNDA:10,_ZN7testing8internal12UnitTestImpl34InitDeathTestSubprocessControlInfoEv
FNDA:0,_ZNK7testing8internal12UnitTestImpl28internal_run_death_test_flagEv
FNDA:0,_ZN7testing8internal12UnitTestImpl18death_test_factoryEv
FNDA:0,_ZNK7testing8internal12UnitTestImpl11random_seedEv
FNDA:0,_ZN7testing8internal12UnitTestImpl6randomEv
FNDA:3225,_ZNK7testing8internal12UnitTestImpl16catch_exceptionsEv
FNDA:10,_ZN7testing8internal12UnitTestImpl20set_catch_exceptionsEb
FNDA:7089,_ZN7testing8internal15GetUnitTestImplEv
FNDA:0,_ZN7testing8internal18ParseNaturalNumberIiEEbRKNSt7__cxx1112basic_stringIcSt11char_traitsIcESaIcEEEPT_
FNDA:0,_ZN7testing8internal17StreamingListenerD0Ev
FNDA:0,_ZN7testing8internal17StreamingListenerD2Ev
FNDA:0,_ZN7testing8internal17StreamingListener20AbstractSocketWriterC2Ev
FNDA:0,_ZN7testing8internal17StreamingListener20AbstractSocketWriterD0Ev
FNDA:0,_ZN7testing8internal17StreamingListener20AbstractSocketWriterD2Ev
FNDA:0,_ZN7testing8internal17StreamingListener20AbstractSocketWriter15CloseConnectionEv
FNDA:0,_ZN7testing8internal17StreamingListener20AbstractSocketWriter6SendLnERKNSt7__cxx1112basic_stringIcSt11char_traitsIcESaIcEEE
FNDA:0,_ZN7testing8internal17StreamingListener12SocketWriterC2ERKNSt7__cxx1112basic_stringIcSt11char_traitsIcESaIcEEESA_
FNDA:0,_ZN7testing8internal17StreamingListener12SocketWriterD0Ev
FNDA:0,_ZN7testing8internal17StreamingListener12SocketWriterD2Ev
FNDA:0,_ZN7testing8internal17StreamingListener12SocketWriter4SendERKNSt7__cxx1112basic_stringIcSt11char_traitsIcESaIcEEE
FNDA:0,_ZN7testing8internal17StreamingListener12SocketWriter15CloseConnectionEv
FNDA:0,_ZN7testing8internal17StreamingListenerC2ERKNSt7__cxx1112basic_stringIcSt11char_traitsIcESaIcEEES9_
FNDA:0,_ZN7testing8internal17StreamingListener18OnTestProgramStartERKNS_8UnitTestE
FNDA:0,_ZN7testing8internal17StreamingListener16OnTestProgramEndERKNS_8UnitTestE
FNDA:0,_ZN7testing8internal17StreamingListener20OnTestIterationStartERKNS_8UnitTestEi
FNDA:0,_ZN7testing8internal17StreamingListener18OnTestIterationEndERKNS_8UnitTestEi
FNDA:0,_ZN7testing8internal17StreamingListener15OnTestCaseStartERKNS_8TestCaseE
FNDA:0,_ZN7testing8internal17StreamingListener13OnTestCaseEndERKNS_8TestCaseE
FNDA:0,_ZN7testing8internal17StreamingListener11OnTestStartERKNS_8TestInfoE
FNDA:0,_ZN7testing8internal17StreamingListener9OnTestEndERKNS_8TestInfoE
FNDA:0,_ZN7testing8internal17StreamingListener16OnTestPartResultERKNS_14TestPartResultE
FNDA:0,_ZN7testing8internal17StreamingListener6SendLnERKNSt7__cxx1112basic_stringIcSt11char_traitsIcESaIcEEE
FNDA:0,_ZN7testing8internal17StreamingListener5StartEv
FNDA:0,_ZN7testing8internal17StreamingListener10FormatBoolB5cxx11Eb
FNDA:10,_ZN7testingL16GetDefaultFilterEv
FNDA:0,_ZN7testing8internal6Random8GenerateEj
FNDA:10,_ZN7testing8internalL18GTestIsInitializedEv
FNDA:62,_ZN7testing8internalL19SumOverTestCaseListERKSt6vectorIPNS_8TestCaseESaIS3_EEMS2_KFivE
FNDA:0,_ZN7testing8internalL14TestCasePassedEPKNS_8TestCaseE
FNDA:20,_ZN7testing8internalL14TestCaseFailedEPKNS_8TestCaseE
FNDA:20,_ZN7testing8internalL17ShouldRunTestCaseEPKNS_8TestCaseE
FNDA:7,_ZN7testing8internal12AssertHelperC2ENS_14TestPartResult4TypeEPKciS5_
FNDA:7,_ZN7testing8internal12AssertHelperD2Ev
FNDA:7,_ZNK7testing8internal12AssertHelperaSERKNS_7MessageE
FNDA:0,_ZN7testing8internal24GetCurrentExecutableNameEv
FNDA:10,_ZN7testing8internal15UnitTestOptions15GetOutputFormatB5cxx11Ev
FNDA:0,_ZN7testing8internal15UnitTestOptions27GetAbsolutePathToOutputFileB5cxx11Ev
FNDA:51270,_ZN7testing8internal15UnitTestOptions20PatternMatchesStringEPKcS3_
FNDA:2566,_ZN7testing8internal15UnitTestOptions13MatchesFilterERKNSt7__cxx1112basic_stringIcSt11char_traitsIcESaIcEEEPKc
FNDA:639,_ZN7testing8internal15UnitTestOptions17FilterMatchesTestERKNSt7__cxx1112basic_stringIcSt11char_traitsIcESaIcEEES9_
FNDA:0,_ZN7testing32ScopedFakeTestPartResultReporterC2EPNS_19TestPartResultArrayE
FNDA:0,_ZN7testing32ScopedFakeTestPartResultReporterC2ENS0_13InterceptModeEPNS_19TestPartResultArrayE
FNDA:0,_ZN7testing32ScopedFakeTestPartResultReporter4InitEv
FNDA:0,_ZN7testing32ScopedFakeTestPartResultReporterD0Ev
FNDA:0,_ZN7testing32ScopedFakeTestPartResultReporterD2Ev
FNDA:0,_ZN7testing32ScopedFakeTestPartResultReporter20ReportTestPartResultERKNS_14TestPartResultE
FNDA:649,_ZN7testing8internal13GetTestTypeIdEv
FNDA:0,_ZN7testing8internal13HasOneFailureEPKcS2_S2_RKNS_19TestPartResultArrayENS_14TestPartResult4TypeERKNSt7__cxx1112basic_stringIcSt11char_traitsIcESaIcEEE
FNDA:0,_ZN7testing8internal20SingleFailureCheckerC2EPKNS_19TestPartResultArrayENS_14TestPartResult4TypeERKNSt7__cxx1112basic_stringIcSt11char_traitsIcESaIcEEE
FNDA:0,_ZN7testing8internal20SingleFailureCheckerD2Ev
FNDA:10,_ZN7testing8internal35DefaultGlobalTestPartResultReporterC2EPNS0_12UnitTestImplE
FNDA:7,_ZN7testing8internal35DefaultGlobalTestPartResultReporter20ReportTestPartResultERKNS_14TestPartResultE
FNDA:10,_ZN7testing8internal38DefaultPerThreadTestPartResultReporterC2EPNS0_12UnitTestImplE
FNDA:7,_ZN7testing8internal38DefaultPerThreadTestPartResultReporter20ReportTestPartResultERKNS_14TestPartResultE
FNDA:7,_ZN7testing8internal12UnitTestImpl31GetGlobalTestPartResultReporterEv
FNDA:0,_ZN7testing8internal12UnitTestImpl31SetGlobalTestPartResultReporterEPNS_31TestPartResultReporterInterfaceE
FNDA:7,_ZN7testing8internal12UnitTestImpl41GetTestPartResultReporterForCurrentThreadEv
FNDA:0,_ZN7testing8internal12UnitTestImpl41SetTestPartResultReporterForCurrentThreadEPNS_31TestPartResultReporterInterfaceE
FNDA:0,_ZNK7testing8internal12UnitTestImpl26successful_test_case_countEv
FNDA:20,_ZNK7testing8internal12UnitTestImpl22failed_test_case_countEv
FNDA:32,_ZNK7testing8internal12UnitTestImpl21total_test_case_countEv
FNDA:20,_ZNK7testing8internal12UnitTestImpl22test_case_to_run_countEv
FNDA:10,_ZNK7testing8internal12UnitTestImpl21successful_test_countEv
FNDA:22,_ZNK7testing8internal12UnitTestImpl17failed_test_countEv
FNDA:10,_ZNK7testing8internal12UnitTestImpl30reportable_disabled_test_countEv
FNDA:0,_ZNK7testing8internal12UnitTestImpl19disabled_test_countEv
FNDA:0,_ZNK7testing8internal12UnitTestImpl21reportable_test_countEv
FNDA:0,_ZNK7testing8internal12UnitTestImpl16total_test_countEv
FNDA:20,_ZNK7testing8internal12UnitTestImpl17test_to_run_countEv
FNDA:7,_ZN7testing8internal12UnitTestImpl28CurrentOsStackTraceExceptTopB5cxx11Ei
FNDA:1328,_ZN7testing8internal15GetTimeInMillisEv
FNDA:48,_ZN7testing8internal6String13CStringEqualsEPKcS3_
FNDA:0,_ZN7testing8internalL24StreamWideCharsToMessageEPKwmPNS_7MessageE
FNDA:1097,_ZN7testing7MessageC2Ev
FNDA:0,_ZN7testing7MessagelsEPKw
FNDA:0,_ZN7testing7MessagelsEPw
FNDA:0,_ZN7testing7MessagelsERKNSt7__cxx1112basic_stringIwSt11char_traitsIwESaIwEEE
FNDA:1097,_ZNK7testing7Message9GetStringB5cxx11Ev
FNDA:7,_ZN7testing15AssertionResultC2ERKS0_
FNDA:0,_ZNK7testing15AssertionResultntEv
FNDA:300503,_ZN7testing16AssertionSuccessEv
FNDA:7,_ZN7testing16AssertionFailureEv
FNDA:0,_ZN7testing16AssertionFailureERKNS_7MessageE
FNDA:7,_ZN7testing8internal9EqFailureEPKcS2_RKNSt7__cxx1112basic_stringIcSt11char_traitsIcESaIcEEESA_b
FNDA:0,_ZN7testing8internal30GetBoolAssertionFailureMessageB5cxx11ERKNS_15AssertionResultEPKcS5_S5_
FNDA:0,_ZN7testing8internal20DoubleNearPredFormatEPKcS2_S2_ddd
FNDA:0,_ZN7testing8internal15FloatingPointLEIdEENS_15AssertionResultEPKcS4_T_S5_
FNDA:0,_ZN7testing8internal15FloatingPointLEIfEENS_15AssertionResultEPKcS4_T_S5_
FNDA:0,_ZN7testing7FloatLEEPKcS1_ff
FNDA:0,_ZN7testing8DoubleLEEPKcS1_dd
FNDA:0,_ZN7testing8internal11CmpHelperEQEPKcS2_xx
FNDA:0,_ZN7testing8internal11CmpHelperNEEPKcS2_xx
FNDA:0,_ZN7testing8internal11CmpHelperLEEPKcS2_xx
FNDA:0,_ZN7testing8internal11CmpHelperLTEPKcS2_xx
FNDA:0,_ZN7testing8internal11CmpHelperGEEPKcS2_xx
FNDA:0,_ZN7testing8internal11CmpHelperGTEPKcS2_xx
FNDA:0,_ZN7testing8internal14CmpHelperSTREQEPKcS2_S2_S2_
FNDA:0,_ZN7testing8internal18CmpHelperSTRCASEEQEPKcS2_S2_S2_
FNDA:0,_ZN7testing8internal14CmpHelperSTRNEEPKcS2_S2_S2_
FNDA:0,_ZN7testing8internal18CmpHelperSTRCASENEEPKcS2_S2_S2_
FNDA:0,_ZN7testing12_GLOBAL__N_115IsSubstringPredEPKcS2_
FNDA:0,_ZN7testing12_GLOBAL__N_115IsSubstringPredEPKwS2_
FNDA:0,_ZN7testing12_GLOBAL__N_115IsSubstringPredINSt7__cxx1112basic_stringIwSt11char_traitsIwESaIwEEEEEbRKT_SA_
FNDA:0,_ZN7testing12_GLOBAL__N_115IsSubstringPredINSt7__cxx1112basic_stringIcSt11char_traitsIcESaIcEEEEEbRKT_SA_
FNDA:0,_ZN7testing12_GLOBAL__N_115IsSubstringImplINSt7__cxx1112basic_stringIwSt11char_traitsIwESaIwEEEEENS_15AssertionResultEbPKcSA_RKT_SD_
FNDA:0,_ZN7testing12_GLOBAL__N_115IsSubstringImplINSt7__cxx1112basic_stringIcSt11char_traitsIcESaIcEEEEENS_15AssertionResultEbPKcSA_RKT_SD_
FNDA:0,_ZN7testing12_GLOBAL__N_115IsSubstringImplIPKwEENS_15AssertionResultEbPKcS6_RKT_S9_
FNDA:0,_ZN7testing12_GLOBAL__N_115IsSubstringImplIPKcEENS_15AssertionResultEbS3_S3_RKT_S7_
FNDA:0,_ZN7testing11IsSubstringEPKcS1_S1_S1_
FNDA:0,_ZN7testing11IsSubstringEPKcS1_PKwS3_
FNDA:0,_ZN7testing14IsNotSubstringEPKcS1_S1_S1_
FNDA:0,_ZN7testing14IsNotSubstringEPKcS1_PKwS3_
FNDA:0,_ZN7testing11IsSubstringEPKcS1_RKNSt7__cxx1112basic_stringIcSt11char_traitsIcESaIcEEES9_
FNDA:0,_ZN7testing14IsNotSubstringEPKcS1_RKNSt7__cxx1112basic_stringIcSt11char_traitsIcESaIcEEES9_
FNDA:0,_ZN7testing11IsSubstringEPKcS1_RKNSt7__cxx1112basic_stringIwSt11char_traitsIwESaIwEEES9_
FNDA:0,_ZN7testing14IsNotSubstringEPKcS1_RKNSt7__cxx1112basic_stringIwSt11char_traitsIwESaIwEEES9_
FNDA:0,_ZN7testing8internal11ChopLowBitsEPji
FNDA:0,_ZN7testing8internal15CodePointToUtf8B5cxx11Ej
FNDA:0,_ZN7testing8internal20IsUtf16SurrogatePairEww
FNDA:0,_ZN7testing8internal37CreateCodePointFromUtf16SurrogatePairEww
FNDA:0,_ZN7testing8internal16WideStringToUtf8B5cxx11EPKwi
FNDA:0,_ZN7testing8internal6String15ShowWideCStringB5cxx11EPKw
FNDA:0,_ZN7testing8internal6String17WideCStringEqualsEPKwS3_
FNDA:0,_ZN7testing8internal14CmpHelperSTREQEPKcS2_PKwS4_
FNDA:0,_ZN7testing8internal14CmpHelperSTRNEEPKcS2_PKwS4_
FNDA:10,_ZN7testing8internal6String28CaseInsensitiveCStringEqualsEPKcS3_
FNDA:0,_ZN7testing8internal6String32CaseInsensitiveWideCStringEqualsEPKwS3_
FNDA:0,_ZN7testing8internal6String23EndsWithCaseInsensitiveERKNSt7__cxx1112basic_stringIcSt11char_traitsIcESaIcEEES9_
FNDA:0,_ZN7testing8internal6String15FormatIntWidth2B5cxx11Ei
FNDA:0,_ZN7testing8internal6String12FormatHexIntB5cxx11Ei
FNDA:0,_ZN7testing8internal6String10FormatByteB5cxx11Eh
FNDA:1097,_ZN7testing8internal20StringStreamToStringEPNSt7__cxx1118basic_stringstreamIcSt11char_traitsIcESaIcEEE
FNDA:7,_ZN7testing8internal17AppendUserMessageERKNSt7__cxx1112basic_stringIcSt11char_traitsIcESaIcEEERKNS_7MessageE
FNDA:659,_ZN7testing10TestResultC2Ev
FNDA:0,_ZN7testing10TestResultD2Ev
FNDA:60,_ZNK7testing10TestResult17GetTestPartResultEi
FNDA:0,_ZNK7testing10TestResult15GetTestPropertyEi
FNDA:0,_ZN7testing10TestResult20ClearTestPartResultsEv
FNDA:7,_ZN7testing10TestResult17AddTestPartResultERKNS_14TestPartResultE
FNDA:0,_ZN7testing10TestResult14RecordPropertyERKNSt7__cxx1112basic_stringIcSt11char_traitsIcESaIcEEERKNS_12TestPropertyE
FNDA:0,_ZN7testing13ArrayAsVectorILi6EEESt6vectorINSt7__cxx1112basic_stringIcSt11char_traitsIcESaIcEEESaIS7_EERAT__KPKc
FNDA:0,_ZN7testing13ArrayAsVectorILi8EEESt6vectorINSt7__cxx1112basic_stringIcSt11char_traitsIcESaIcEEESaIS7_EERAT__KPKc
FNDA:0,_ZN7testingL31GetReservedAttributesForElementERKNSt7__cxx1112basic_stringIcSt11char_traitsIcESaIcEEE
FNDA:0,_ZN7testingL14FormatWordListERKSt6vectorINSt7__cxx1112basic_stringIcSt11char_traitsIcESaIcEEESaIS6_EE
FNDA:0,_ZN7testing24ValidateTestPropertyNameERKNSt7__cxx1112basic_stringIcSt11char_traitsIcESaIcEEERKSt6vectorIS5_SaIS5_EE
FNDA:0,_ZN7testing10TestResult20ValidateTestPropertyERKNSt7__cxx1112basic_stringIcSt11char_traitsIcESaIcEEERKNS_12TestPropertyE
FNDA:649,_ZN7testing10TestResult5ClearEv
FNDA:5378,_ZNK7testing10TestResult6FailedEv
FNDA:0,_ZN7testingL21TestPartFatallyFailedERKNS_14TestPartResultE
FNDA:1288,_ZNK7testing10TestResult15HasFatalFailureEv
FNDA:0,_ZN7testingL24TestPartNonfatallyFailedERKNS_14TestPartResultE
FNDA:0,_ZNK7testing10TestResult18HasNonfatalFailureEv
FNDA:5438,_ZNK7testing10TestResult16total_part_countEv
FNDA:0,_ZNK7testing10TestResult19test_property_countEv
FNDA:639,_ZN7testing4TestC2Ev
FNDA:0,_ZN7testing4TestD0Ev
FNDA:639,_ZN7testing4TestD2Ev
FNDA:639,_ZN7testing4Test5SetUpEv
FNDA:639,_ZN7testing4Test8TearDownEv
FNDA:0,_ZN7testing4Test14RecordPropertyERKNSt7__cxx1112basic_stringIcSt11char_traitsIcESaIcEEES8_
FNDA:0,_ZN7testing4Test14RecordPropertyERKNSt7__cxx1112basic_stringIcSt11char_traitsIcESaIcEEEi
FNDA:0,_ZN7testing8internal30ReportFailureInUnknownLocationENS_14TestPartResult4TypeERKNSt7__cxx1112basic_stringIcSt11char_traitsIcESaIcEEE
FNDA:639,_ZN7testing4Test19HasSameFixtureClassEv
FNDA:0,_ZN7testing8internalL25FormatCxxExceptionMessageEPKcS2_
FNDA:0,_ZN7testing8internal26GoogleTestFailureExceptionC2ERKNS_14TestPartResultE
FNDA:10,_ZN7testing8internal38HandleSehExceptionsInMethodIfSupportedINS0_12UnitTestImplEbEET0_PT_MS4_FS3_vEPKc
FNDA:20,_ZN7testing8internal38HandleSehExceptionsInMethodIfSupportedINS_8TestCaseEvEET0_PT_MS4_FS3_vEPKc
FNDA:639,_ZN7testing8internal38HandleSehExceptionsInMethodIfSupportedINS0_15TestFactoryBaseEPNS_4TestEEET0_PT_MS6_FS5_vEPKc
FNDA:2556,_ZN7testing8internal38HandleSehExceptionsInMethodIfSupportedINS_4TestEvEET0_PT_MS4_FS3_vEPKc
FNDA:10,_ZN7testing8internal35HandleExceptionsInMethodIfSupportedINS0_12UnitTestImplEbEET0_PT_MS4_FS3_vEPKc
FNDA:20,_ZN7testing8internal35HandleExceptionsInMethodIfSupportedINS_8TestCaseEvEET0_PT_MS4_FS3_vEPKc
FNDA:639,_ZN7testing8internal35HandleExceptionsInMethodIfSupportedINS0_15TestFactoryBaseEPNS_4TestEEET0_PT_MS6_FS5_vEPKc
FNDA:2556,_ZN7testing8internal35HandleExceptionsInMethodIfSupportedINS_4TestEvEET0_PT_MS4_FS3_vEPKc
FNDA:639,_ZN7testing4Test3RunEv
FNDA:1288,_ZN7testing4Test15HasFatalFailureEv
FNDA:0,_ZN7testing4Test18HasNonfatalFailureEv
FNDA:639,_ZN7testing8TestInfoC2ERKNSt7__cxx1112basic_stringIcSt11char_traitsIcESaIcEEES8_PKcSA_PKvPNS_8internal15TestFactoryBaseE
FNDA:0,_ZN7testing8TestInfoD2Ev
FNDA:639,_ZN7testing8internal23MakeAndRegisterTestInfoEPKcS2_S2_S2_PKvPFvvES6_PNS0_15TestFactoryBaseE
FNDA:0,_ZN7testing8internal25ReportInvalidTestCaseTypeEPKcS2_i
FNDA:10,_ZN7testing8internal12UnitTestImpl26RegisterParameterizedTestsEv
FNDA:639,_ZN7testing8TestInfo3RunEv
FNDA:10,_ZNK7testing8TestCase21successful_test_countEv
FNDA:48,_ZNK7testing8TestCase17failed_test_countEv
FNDA:10,_ZNK7testing8TestCase30reportable_disabled_test_countEv
FNDA:0,_ZNK7testing8TestCase19disabled_test_countEv
FNDA:0,_ZNK7testing8TestCase21reportable_test_countEv
FNDA:40,_ZNK7testing8TestCase17test_to_run_countEv
FNDA:1039,_ZNK7testing8TestCase16total_test_countEv
FNDA:10,_ZN7testing8TestCaseC2EPKcS2_PFvvES4_
FNDA:0,_ZN7testing8TestCaseD0Ev
FNDA:0,_ZN7testing8TestCaseD2Ev
FNDA:384,_ZNK7testing8TestCase11GetTestInfoEi
FNDA:639,_ZN7testing8TestCase18GetMutableTestInfoEi
FNDA:639,_ZN7testing8TestCase11AddTestInfoEPNS_8TestInfoE
FNDA:10,_ZN7testing8TestCase3RunEv
FNDA:10,_ZN7testing8TestCase11ClearResultEv
FNDA:0,_ZN7testing8TestCase12ShuffleTestsEPNS_8internal6RandomE
FNDA:10,_ZN7testing8TestCase14UnshuffleTestsEv
FNDA:76,_ZN7testingL19FormatCountableNounEiPKcS1_
FNDA:36,_ZN7testingL15FormatTestCountEi
FNDA:20,_ZN7testingL19FormatTestCaseCountEi
FNDA:7,_ZN7testingL26TestPartResultTypeToStringENS_14TestPartResult4TypeE
FNDA:7,_ZN7testing8internalL27PrintTestPartResultToStringERKNS_14TestPartResultE
FNDA:7,_ZN7testing8internalL19PrintTestPartResultERKNS_14TestPartResultE
FNDA:1086,_ZN7testing8internal16GetAnsiColorCodeENS0_10GTestColorE
FNDA:10,_ZN7testing8internal14ShouldUseColorEb
FNDA:1360,_ZN7testing8internal13ColoredPrintfENS0_10GTestColorEPKcz
FNDA:12,_ZN7testing8internal29PrintFullTestCommentIfPresentERKNS_8TestInfoE
FNDA:0,_ZN7testing8internal27PrettyUnitTestResultPrinterD0Ev
FNDA:0,_ZN7testing8internal27PrettyUnitTestResultPrinterD2Ev
FNDA:10,_ZN7testing8internal27PrettyUnitTestResultPrinterC2Ev
FNDA:1278,_ZN7testing8internal27PrettyUnitTestResultPrinter13PrintTestNameEPKcS3_
FNDA:10,_ZN7testing8internal27PrettyUnitTestResultPrinter18OnTestProgramStartERKNS_8UnitTestE
FNDA:10,_ZN7testing8internal27PrettyUnitTestResultPrinter22OnEnvironmentsSetUpEndERKNS_8UnitTestE
FNDA:10,_ZN7testing8internal27PrettyUnitTestResultPrinter25OnEnvironmentsTearDownEndERKNS_8UnitTestE
FNDA:10,_ZN7testing8internal27PrettyUnitTestResultPrinter16OnTestProgramEndERKNS_8UnitTestE
FNDA:10,_ZN7testing8internal27PrettyUnitTestResultPrinter20OnTestIterationStartERKNS_8UnitTestEi
FNDA:10,_ZN7testing8internal27PrettyUnitTestResultPrinter24OnEnvironmentsSetUpStartERKNS_8UnitTestE
FNDA:10,_ZN7testing8internal27PrettyUnitTestResultPrinter15OnTestCaseStartERKNS_8TestCaseE
FNDA:639,_ZN7testing8internal27PrettyUnitTestResultPrinter11OnTestStartERKNS_8TestInfoE
FNDA:7,_ZN7testing8internal27PrettyUnitTestResultPrinter16OnTestPartResultERKNS_14TestPartResultE
FNDA:639,_ZN7testing8internal27PrettyUnitTestResultPrinter9OnTestEndERKNS_8TestInfoE
FNDA:10,_ZN7testing8internal27PrettyUnitTestResultPrinter13OnTestCaseEndERKNS_8TestCaseE
FNDA:10,_ZN7testing8internal27PrettyUnitTestResultPrinter27OnEnvironmentsTearDownStartERKNS_8UnitTestE
FNDA:6,_ZN7testing8internal27PrettyUnitTestResultPrinter16PrintFailedTestsERKNS_8UnitTestE
FNDA:10,_ZN7testing8internal27PrettyUnitTestResultPrinter18OnTestIterationEndERKNS_8UnitTestEi
FNDA:10,_ZN7testing8internal17TestEventRepeaterC2Ev
FNDA:0,_ZNK7testing8internal17TestEventRepeater18forwarding_enabledEv
FNDA:0,_ZN7testing8internal17TestEventRepeater22set_forwarding_enabledEb
FNDA:0,_ZN7testing8internal17TestEventRepeaterD0Ev
FNDA:0,_ZN7testing8internal17TestEventRepeaterD2Ev
FNDA:10,_ZN7testing8internal17TestEventRepeater6AppendEPNS_17TestEventListenerE
FNDA:10,_ZN7testing8internal17TestEventRepeater7ReleaseEPNS_17TestEventListenerE
FNDA:10,_ZN7testing8internal17TestEventRepeater18OnTestProgramStartERKNS_8UnitTestE
FNDA:10,_ZN7testing8internal17TestEventRepeater24OnEnvironmentsSetUpStartERKNS_8UnitTestE
FNDA:10,_ZN7testing8internal17TestEventRepeater15OnTestCaseStartERKNS_8TestCaseE
FNDA:639,_ZN7testing8internal17TestEventRepeater11OnTestStartERKNS_8TestInfoE
FNDA:7,_ZN7testing8internal17TestEventRepeater16OnTestPartResultERKNS_14TestPartResultE
FNDA:10,_ZN7testing8internal17TestEventRepeater27OnEnvironmentsTearDownStartERKNS_8UnitTestE
FNDA:10,_ZN7testing8internal17TestEventRepeater22OnEnvironmentsSetUpEndERKNS_8UnitTestE
FNDA:10,_ZN7testing8internal17TestEventRepeater25OnEnvironmentsTearDownEndERKNS_8UnitTestE
FNDA:639,_ZN7testing8internal17TestEventRepeater9OnTestEndERKNS_8TestInfoE
FNDA:10,_ZN7testing8internal17TestEventRepeater13OnTestCaseEndERKNS_8TestCaseE
FNDA:10,_ZN7testing8internal17TestEventRepeater16OnTestProgramEndERKNS_8UnitTestE
FNDA:10,_ZN7testing8internal17TestEventRepeater20OnTestIterationStartERKNS_8UnitTestEi
FNDA:10,_ZN7testing8internal17TestEventRepeater18OnTestIterationEndERKNS_8UnitTestEi
FNDA:0,_ZN7testing8internal24XmlUnitTestResultPrinterD0Ev
FNDA:0,_ZN7testing8internal24XmlUnitTestResultPrinterD2Ev
FNDA:0,_ZN7testing8internal24XmlUnitTestResultPrinter24IsNormalizableWhitespaceEc
FNDA:0,_ZN7testing8internal24XmlUnitTestResultPrinter19IsValidXmlCharacterEc
FNDA:0,_ZN7testing8internal24XmlUnitTestResultPrinter18EscapeXmlAttributeERKNSt7__cxx1112basic_stringIcSt11char_traitsIcESaIcEEE
FNDA:0,_ZN7testing8internal24XmlUnitTestResultPrinterC2EPKc
FNDA:0,_ZN7testing8internal24XmlUnitTestResultPrinter18OnTestIterationEndERKNS_8UnitTestEi
FNDA:0,_ZN7testing8internal24XmlUnitTestResultPrinter9EscapeXmlERKNSt7__cxx1112basic_stringIcSt11char_traitsIcESaIcEEEb
FNDA:0,_ZN7testing8internal24XmlUnitTestResultPrinter26RemoveInvalidXmlCharactersERKNSt7__cxx1112basic_stringIcSt11char_traitsIcESaIcEEE
FNDA:0,_ZN7testing8internal27FormatTimeInMillisAsSecondsB5cxx11Ex
FNDA:0,_ZN7testing8internal32FormatEpochTimeInMillisAsIso8601B5cxx11Ex
FNDA:0,_ZN7testing8internal24XmlUnitTestResultPrinter21OutputXmlCDataSectionEPSoPKc
FNDA:0,_ZN7testing8internal24XmlUnitTestResultPrinter18OutputXmlAttributeEPSoRKNSt7__cxx1112basic_stringIcSt11char_traitsIcESaIcEEESA_SA_
FNDA:0,_ZN7testing8internal24XmlUnitTestResultPrinter17OutputXmlTestInfoEPSoPKcRKNS_8TestInfoE
FNDA:0,_ZN7testing8internal24XmlUnitTestResultPrinter16PrintXmlTestCaseEPSoRKNS_8TestCaseE
FNDA:0,_ZN7testing8internal24XmlUnitTestResultPrinter16PrintXmlUnitTestEPSoRKNS_8UnitTestE
FNDA:0,_ZN7testing8internal24XmlUnitTestResultPrinter29TestPropertiesAsXmlAttributesB5cxx11ERKNS_10TestResultE
FNDA:0,_ZN7testing8internal17StreamingListener9UrlEncodeB5cxx11EPKc
FNDA:0,_ZN7testing8internal17StreamingListener12SocketWriter14MakeConnectionEv
FNDA:0,_ZN7testing8internal11ScopedTraceC2EPKciRKNS_7MessageE
FNDA:0,_ZN7testing8internal11ScopedTraceD2Ev
FNDA:0,_ZN7testing8internal18OsStackTraceGetter17CurrentStackTraceB5cxx11Eii
FNDA:3215,_ZN7testing8internal18OsStackTraceGetter16UponLeavingGTestEv
FNDA:10,_ZN7testing8internal23ScopedPrematureExitFileC2EPKc
FNDA:10,_ZN7testing8internal23ScopedPrematureExitFileD2Ev
FNDA:10,_ZN7testing18TestEventListenersC2Ev
FNDA:0,_ZN7testing18TestEventListenersD2Ev
FNDA:10,_ZN7testing18TestEventListeners6AppendEPNS_17TestEventListenerE
FNDA:10,_ZN7testing18TestEventListeners7ReleaseEPNS_17TestEventListenerE
FNDA:666,_ZN7testing18TestEventListeners8repeaterEv
FNDA:10,_ZN7testing18TestEventListeners23SetDefaultResultPrinterEPNS_17TestEventListenerE
FNDA:0,_ZN7testing18TestEventListeners22SetDefaultXmlGeneratorEPNS_17TestEventListenerE
FNDA:0,_ZNK7testing18TestEventListeners22EventForwardingEnabledEv
FNDA:0,_ZN7testing18TestEventListeners23SuppressEventForwardingEv
FNDA:7762,_ZN7testing8UnitTest11GetInstanceEv
FNDA:0,_ZNK7testing8UnitTest26successful_test_case_countEv
FNDA:0,_ZNK7testing8UnitTest22failed_test_case_countEv
FNDA:12,_ZNK7testing8UnitTest21total_test_case_countEv
FNDA:20,_ZNK7testing8UnitTest22test_case_to_run_countEv
FNDA:10,_ZNK7testing8UnitTest21successful_test_countEv
FNDA:22,_ZNK7testing8UnitTest17failed_test_countEv
FNDA:10,_ZNK7testing8UnitTest30reportable_disabled_test_countEv
FNDA:0,_ZNK7testing8UnitTest19disabled_test_countEv
FNDA:0,_ZNK7testing8UnitTest21reportable_test_countEv
FNDA:0,_ZNK7testing8UnitTest16total_test_countEv
FNDA:20,_ZNK7testing8UnitTest17test_to_run_countEv
FNDA:0,_ZNK7testing8UnitTest15start_timestampEv
FNDA:10,_ZNK7testing8UnitTest12elapsed_timeEv
FNDA:10,_ZNK7testing8UnitTest6PassedEv
FNDA:0,_ZNK7testing8UnitTest6FailedEv
FNDA:6,_ZNK7testing8UnitTest11GetTestCaseEi
FNDA:0,_ZNK7testing8UnitTest18ad_hoc_test_resultEv
FNDA:0,_ZN7testing8UnitTest18GetMutableTestCaseEi
FNDA:649,_ZN7testing8UnitTest9listenersEv
FNDA:0,_ZN7testing8UnitTest14AddEnvironmentEPNS_11EnvironmentE
FNDA:7,_ZN7testing8UnitTest17AddTestPartResultENS_14TestPartResult4TypeEPKciRKNSt7__cxx1112basic_stringIcSt11char_traitsIcESaIcEEESC_
FNDA:0,_ZN7testing8UnitTest14RecordPropertyERKNSt7__cxx1112basic_stringIcSt11char_traitsIcESaIcEEES8_
FNDA:10,_ZN7testing8UnitTest3RunEv
FNDA:0,_ZNK7testing8UnitTest20original_working_dirEv
FNDA:0,_ZNK7testing8UnitTest17current_test_caseEv
FNDA:0,_ZNK7testing8UnitTest17current_test_infoEv
FNDA:0,_ZNK7testing8UnitTest11random_seedEv
FNDA:0,_ZN7testing8UnitTest27parameterized_test_registryEv
FNDA:10,_ZN7testing8UnitTestC2Ev
FNDA:0,_ZN7testing8UnitTestD0Ev
FNDA:0,_ZN7testing8UnitTestD2Ev
FNDA:0,_ZN7testing8UnitTest14PushGTestTraceERKNS_8internal9TraceInfoE
FNDA:0,_ZN7testing8UnitTest13PopGTestTraceEv
FNDA:10,_ZN7testing8internal12UnitTestImplC2EPNS_8UnitTestE
FNDA:0,_ZN7testing8internal12UnitTestImplD0Ev
FNDA:0,_ZN7testing8internal12UnitTestImplD2Ev
FNDA:0,_ZN7testing8internal12UnitTestImpl14RecordPropertyERKNS_12TestPropertyE
FNDA:10,_ZN7testing8internal12UnitTestImpl32SuppressTestEventsIfInSubprocessEv
FNDA:10,_ZN7testing8internal12UnitTestImpl18ConfigureXmlOutputEv
FNDA:10,_ZN7testing8internal12UnitTestImpl24ConfigureStreamingOutputEv
FNDA:20,_ZN7testing8internal12UnitTestImpl19PostFlagParsingInitEv
FNDA:2556,_ZN7testing8internal14TestCaseNameIsC2ERKS1_
FNDA:3195,_ZN7testing8internal14TestCaseNameIsD2Ev
FNDA:639,_ZN7testing8internal14TestCaseNameIsC2ERKNSt7__cxx1112basic_stringIcSt11char_traitsIcESaIcEEE
FNDA:629,_ZNK7testing8internal14TestCaseNameIsclEPKNS_8TestCaseE
FNDA:639,_ZN7testing8internal12UnitTestImpl11GetTestCaseEPKcS3_PFvvES5_
FNDA:0,_ZN7testing8internalL16SetUpEnvironmentEPNS_11EnvironmentE
FNDA:0,_ZN7testing8internalL19TearDownEnvironmentEPNS_11EnvironmentE
FNDA:10,_ZN7testing8internal12UnitTestImpl11RunAllTestsEv
FNDA:10,_ZN7testing8internal30WriteToShardStatusFileIfNeededEv
FNDA:20,_ZN7testing8internal11ShouldShardEPKcS2_b
FNDA:40,_ZN7testing8internal17Int32FromEnvOrDieEPKci
FNDA:0,_ZN7testing8internal20ShouldRunTestOnShardEiii
FNDA:10,_ZN7testing8internal12UnitTestImpl11FilterTestsENS1_18ReactionToShardingE
FNDA:0,_ZN7testing8internalL14PrintOnOneLineEPKci
FNDA:0,_ZN7testing8internal12UnitTestImpl23ListTestsMatchingFilterEv
FNDA:0,_ZN7testing8internal12UnitTestImpl25set_os_stack_trace_getterEPNS0_27OsStackTraceGetterInterfaceE
FNDA:3215,_ZN7testing8internal12UnitTestImpl21os_stack_trace_getterEv
FNDA:1295,_ZN7testing8internal12UnitTestImpl19current_test_resultEv
FNDA:0,_ZN7testing8internal12UnitTestImpl12ShuffleTestsEv
FNDA:10,_ZN7testing8internal12UnitTestImpl14UnshuffleTestsEv
FNDA:0,_ZN7testing8internal31GetCurrentOsStackTraceExceptTopB5cxx11EPNS_8UnitTestEi
FNDA:1130,_ZN7testing8internal6IsTrueEb
FNDA:0,_ZN7testing8internal10AlwaysTrueEv
FNDA:0,_ZN7testing8internal10SkipPrefixEPKcPS2_
FNDA:0,_ZN7testing8internal14ParseFlagValueEPKcS2_b
FNDA:0,_ZN7testing8internal13ParseBoolFlagEPKcS2_Pb
FNDA:0,_ZN7testing8internal14ParseInt32FlagEPKcS2_Pi
FNDA:0,_ZN7testing8internal15ParseStringFlagEPKcS2_PNSt7__cxx1112basic_stringIcSt11char_traitsIcESaIcEEE
FNDA:0,_ZN7testing8internalL23HasGoogleTestFlagPrefixEPKc
FNDA:0,_ZN7testing8internalL17PrintColorEncodedEPKc
FNDA:0,_ZN7testing8internal28ParseGoogleTestFlagsOnlyImplIwEEvPiPPT_
FNDA:10,_ZN7testing8internal28ParseGoogleTestFlagsOnlyImplIcEEvPiPPT_
FNDA:10,_ZN7testing8internal24ParseGoogleTestFlagsOnlyEPiPPc
FNDA:0,_ZN7testing8internal24ParseGoogleTestFlagsOnlyEPiPPw
FNDA:0,_ZN7testing8internal18InitGoogleTestImplIwEEvPiPPT_
FNDA:10,_ZN7testing8internal18InitGoogleTestImplIcEEvPiPPT_
FNDA:10,_ZN7testing14InitGoogleTestEPiPPc
FNDA:0,_ZN7testing14InitGoogleTestEPiPPw
FNDA:0,_ZN7testing8internal16InDeathTestChildEv
FNDA:0,_ZN7testing14ExitedWithCodeC2Ei
FNDA:0,_ZNK7testing14ExitedWithCodeclEi
FNDA:0,_ZN7testing14KilledBySignalC2Ei
FNDA:0,_ZNK7testing14KilledBySignalclEi
FNDA:0,_ZN7testing8internalL11ExitSummaryEi
FNDA:0,_ZN7testing8internal20ExitedUnsuccessfullyEi
FNDA:0,_ZN7testing8internalL22DeathTestThreadWarningEm
FNDA:0,_ZN7testing8internal14DeathTestAbortERKNSt7__cxx1112basic_stringIcSt11char_traitsIcESaIcEEE
FNDA:0,_ZN7testing8internal23GetLastErrnoDescriptionB5cxx11Ev
FNDA:0,_ZN7testing8internalL21FailFromInternalErrorEi
FNDA:0,_ZN7testing8internal9DeathTestC2Ev
FNDA:0,_ZN7testing8internal9DeathTest6CreateEPKcPKNS0_2REES3_iPPS1_
FNDA:0,_ZN7testing8internal9DeathTest11LastMessageEv
FNDA:0,_ZN7testing8internal9DeathTest27set_last_death_test_messageERKNSt7__cxx1112basic_stringIcSt11char_traitsIcESaIcEEE
FNDA:0,_ZN7testing8internal13DeathTestImplC2EPKcPKNS0_2REE
FNDA:0,_ZN7testing8internal13DeathTestImplD0Ev
FNDA:0,_ZN7testing8internal13DeathTestImplD2Ev
FNDA:0,_ZNK7testing8internal13DeathTestImpl9statementEv
FNDA:0,_ZNK7testing8internal13DeathTestImpl5regexEv
FNDA:0,_ZNK7testing8internal13DeathTestImpl7spawnedEv
FNDA:0,_ZN7testing8internal13DeathTestImpl11set_spawnedEb
FNDA:0,_ZNK7testing8internal13DeathTestImpl6statusEv
FNDA:0,_ZN7testing8internal13DeathTestImpl10set_statusEi
FNDA:0,_ZNK7testing8internal13DeathTestImpl7outcomeEv
FNDA:0,_ZN7testing8internal13DeathTestImpl11set_outcomeENS0_16DeathTestOutcomeE
FNDA:0,_ZNK7testing8internal13DeathTestImpl7read_fdEv
FNDA:0,_ZN7testing8internal13DeathTestImpl11set_read_fdEi
FNDA:0,_ZNK7testing8internal13DeathTestImpl8write_fdEv
FNDA:0,_ZN7testing8internal13DeathTestImpl12set_write_fdEi
FNDA:0,_ZN7testing8internal13DeathTestImpl26ReadAndInterpretStatusByteEv
FNDA:0,_ZN7testing8internal13DeathTestImpl5AbortENS0_9DeathTest11AbortReasonE
FNDA:0,_ZN7testing8internalL21FormatDeathTestOutputERKNSt7__cxx1112basic_stringIcSt11char_traitsIcESaIcEEE
FNDA:0,_ZN7testing8internal13DeathTestImpl6PassedEb
FNDA:0,_ZN7testing8internal16ForkingDeathTestD0Ev
FNDA:0,_ZN7testing8internal16ForkingDeathTestD2Ev
FNDA:0,_ZN7testing8internal16ForkingDeathTest13set_child_pidEi
FNDA:0,_ZN7testing8internal16ForkingDeathTestC2EPKcPKNS0_2REE
FNDA:0,_ZN7testing8internal16ForkingDeathTest4WaitEv
FNDA:0,_ZN7testing8internal15NoExecDeathTestD0Ev
FNDA:0,_ZN7testing8internal15NoExecDeathTestD2Ev
FNDA:0,_ZN7testing8internal15NoExecDeathTestC2EPKcPKNS0_2REE
FNDA:0,_ZN7testing8internal15NoExecDeathTest10AssumeRoleEv
FNDA:0,_ZN7testing8internal13ExecDeathTestD0Ev
FNDA:0,_ZN7testing8internal13ExecDeathTestD2Ev
FNDA:0,_ZN7testing8internal13ExecDeathTestC2EPKcPKNS0_2REES3_i
FNDA:0,_ZN7testing8internal13ExecDeathTest32GetArgvsForDeathTestChildProcessB5cxx11Ev
FNDA:0,_ZN7testing8internal9ArgumentsC2Ev
FNDA:0,_ZN7testing8internal9ArgumentsD2Ev
FNDA:0,_ZN7testing8internal9Arguments11AddArgumentEPKc
FNDA:0,_ZN7testing8internal9Arguments12AddArgumentsINSt7__cxx1112basic_stringIcSt11char_traitsIcESaIcEEEEEvRKSt6vectorIT_SaISA_EE
FNDA:0,_ZN7testing8internal9Arguments4ArgvEv
FNDA:0,_ZN7testing8internal10GetEnvironEv
FNDA:0,_ZN7testing8internalL22ExecDeathTestChildMainEPv
FNDA:0,_ZN7testing8internal21StackLowerThanAddressEPKvPb
FNDA:0,_ZN7testing8internal14StackGrowsDownEv
FNDA:0,_ZN7testing8internalL23ExecDeathTestSpawnChildEPKPci
FNDA:0,_ZN7testing8internal13ExecDeathTest10AssumeRoleEv
FNDA:0,_ZN7testing8internal23DefaultDeathTestFactory6CreateEPKcPKNS0_2REES3_iPPNS0_9DeathTestE
FNDA:0,_ZN7testing8internalL11SplitStringERKNSt7__cxx1112basic_stringIcSt11char_traitsIcESaIcEEEcPSt6vectorIS6_SaIS6_EE
FNDA:10,_ZN7testing8internal29ParseInternalRunDeathTestFlagEv
FNDA:500,_ZN7testing8internalL15IsPathSeparatorEc
FNDA:10,_ZN7testing8internal8FilePath13GetCurrentDirEv
FNDA:0,_ZNK7testing8internal8FilePath15RemoveExtensionEPKc
FNDA:0,_ZNK7testing8internal8FilePath21FindLastPathSeparatorEv
FNDA:0,_ZNK7testing8internal8FilePath19RemoveDirectoryNameEv
FNDA:0,_ZNK7testing8internal8FilePath14RemoveFileNameEv
FNDA:0,_ZN7testing8internal8FilePath12MakeFileNameERKS1_S3_iPKc
FNDA:0,_ZN7testing8internal8FilePath11ConcatPathsERKS1_S3_
FNDA:0,_ZNK7testing8internal8FilePath21FileOrDirectoryExistsEv
FNDA:0,_ZNK7testing8internal8FilePath15DirectoryExistsEv
FNDA:0,_ZNK7testing8internal8FilePath15IsRootDirectoryEv
FNDA:0,_ZNK7testing8internal8FilePath14IsAbsolutePathEv
FNDA:0,_ZN7testing8internal8FilePath22GenerateUniqueFileNameERKS1_S3_PKc
FNDA:0,_ZNK7testing8internal8FilePath11IsDirectoryEv
FNDA:0,_ZNK7testing8internal8FilePath28CreateDirectoriesRecursivelyEv
FNDA:0,_ZNK7testing8internal8FilePath12CreateFolderEv
FNDA:0,_ZNK7testing8internal8FilePath27RemoveTrailingPathSeparatorEv
FNDA:10,_ZN7testing8internal8FilePath9NormalizeEv
FNDA:0,_ZN7testing8internal14GetThreadCountEv
FNDA:0,_ZN7testing8internal2RED2Ev
FNDA:0,_ZN7testing8internal2RE9FullMatchEPKcRKS1_
FNDA:0,_ZN7testing8internal2RE12PartialMatchEPKcRKS1_
FNDA:0,_ZN7testing8internal2RE4InitEPKc
FNDA:7,_ZN7testing8internal18FormatFileLocationB5cxx11EPKci
FNDA:0,_ZN7testing8internal37FormatCompilerIndependentFileLocationB5cxx11EPKci
FNDA:0,_ZN7testing8internal8GTestLogC2ENS0_16GTestLogSeverityEPKci
FNDA:0,_ZN7testing8internal8GTestLogD2Ev
FNDA:0,_ZN7testing8internal14CapturedStreamC2Ei
FNDA:0,_ZN7testing8internal14CapturedStreamD2Ev
FNDA:0,_ZN7testing8internal14CapturedStream17GetCapturedStringB5cxx11Ev
FNDA:0,_ZN7testing8internal14CapturedStream11GetFileSizeEP8_IO_FILE
FNDA:0,_ZN7testing8internal14CapturedStream14ReadEntireFileB5cxx11EP8_IO_FILE
FNDA:0,_ZN7testing8internal13CaptureStreamEiPKcPPNS0_14CapturedStreamE
FNDA:0,_ZN7testing8internal17GetCapturedStreamB5cxx11EPPNS0_14CapturedStreamE
FNDA:0,_ZN7testing8internal13CaptureStdoutEv
FNDA:0,_ZN7testing8internal13CaptureStderrEv
FNDA:0,_ZN7testing8internal17GetCapturedStdoutB5cxx11Ev
FNDA:0,_ZN7testing8internal17GetCapturedStderrB5cxx11Ev
FNDA:0,_ZN7testing8internal18SetInjectableArgvsEPKSt6vectorINSt7__cxx1112basic_stringIcSt11char_traitsIcESaIcEEESaIS7_EE
FNDA:0,_ZN7testing8internal18GetInjectableArgvsB5cxx11Ev
FNDA:150,_ZN7testing8internalL12FlagToEnvVarEPKc
FNDA:0,_ZN7testing8internal10ParseInt32ERKNS_7MessageEPKcPi
FNDA:70,_ZN7testing8internal16BoolFromGTestEnvEPKcb
FNDA:30,_ZN7testing8internal17Int32FromGTestEnvEPKci
FNDA:50,_ZN7testing8internal18StringFromGTestEnvEPKcS2_
FNDA:0,_ZN7testing12_GLOBAL__N_126PrintByteSegmentInObjectToEPKhmmPSo
FNDA:0,_ZN7testing12_GLOBAL__N_124PrintBytesInObjectToImplEPKhmPSo
FNDA:0,_ZN7testing9internal220PrintBytesInObjectToEPKhmPSo
FNDA:0,_ZN7testing8internal16IsPrintableAsciiEw
FNDA:0,_ZN7testing8internalL20PrintAsCharLiteralToIhaEENS0_10CharFormatET0_PSo
FNDA:0,_ZN7testing8internalL20PrintAsCharLiteralToIhhEENS0_10CharFormatET0_PSo
FNDA:0,_ZN7testing8internalL20PrintAsCharLiteralToIwwEENS0_10CharFormatET0_PSo
FNDA:0,_ZN7testing8internalL22PrintAsStringLiteralToEwPSo
FNDA:0,_ZN7testing8internalL22PrintAsStringLiteralToEcPSo
FNDA:0,_ZN7testing8internal18PrintCharAndCodeToIwwEEvT0_PSo
FNDA:0,_ZN7testing8internal18PrintCharAndCodeToIhaEEvT0_PSo
FNDA:0,_ZN7testing8internal18PrintCharAndCodeToIhhEEvT0_PSo
FNDA:0,_ZN7testing8internal7PrintToEhPSo
FNDA:0,_ZN7testing8internal7PrintToEaPSo
FNDA:0,_ZN7testing8internal7PrintToEwPSo
FNDA:0,_ZN7testing8internalL20PrintCharsAsStringToIwEEvPKT_mPSo
FNDA:0,_ZN7testing8internalL20PrintCharsAsStringToIcEEvPKT_mPSo
FNDA:0,_ZN7testing8internalL23UniversalPrintCharArrayIwEEvPKT_mPSo
FNDA:0,_ZN7testing8internalL23UniversalPrintCharArrayIcEEvPKT_mPSo
FNDA:0,_ZN7testing8internal19UniversalPrintArrayEPKcmPSo
FNDA:0,_ZN7testing8internal19UniversalPrintArrayEPKwmPSo
FNDA:0,_ZN7testing8internal7PrintToEPKcPSo
FNDA:0,_ZN7testing8internal7PrintToEPKwPSo
FNDA:0,_ZN7testing8internal13PrintStringToERKNSt7__cxx1112basic_stringIcSt11char_traitsIcESaIcEEEPSo
FNDA:0,_ZN7testing8internal17PrintWideStringToERKNSt7__cxx1112basic_stringIwSt11char_traitsIwESaIwEEEPSo
FNDA:7,_ZN7testing14TestPartResult14ExtractSummaryB5cxx11EPKc
FNDA:0,_ZN7testinglsERSoRKNS_14TestPartResultE
FNDA:0,_ZN7testing19TestPartResultArray6AppendERKNS_14TestPartResultE
FNDA:0,_ZNK7testing19TestPartResultArray17GetTestPartResultEi
FNDA:0,_ZNK7testing19TestPartResultArray4sizeEv
FNDA:0,_ZN7testing8internal24HasNewFatalFailureHelperC2Ev
FNDA:0,_ZN7testing8internal24HasNewFatalFailureHelperD0Ev
FNDA:0,_ZN7testing8internal24HasNewFatalFailureHelperD2Ev
FNDA:0,_ZN7testing8internal24HasNewFatalFailureHelper20ReportTestPartResultERKNS_14TestPartResultE
FNDA:0,_ZN7testing8internalL10SkipSpacesEPKc
FNDA:0,_ZN7testing8internal19TypedTestCasePState25VerifyRegisteredTestNamesEPKciS3_
FNDA:10,_GLOBAL__sub_I__ZN7testing8internal17kStackTraceMarkerE
FNDA:10,_Z41__static_initialization_and_destruction_0ii
FNF:569
FNH:204
DA:536,0
DA:538,0
DA:539,0
DA:544,0
DA:545,0
DA:546,0
DA:552,0
DA:553,0
DA:554,0
DA:555,0
DA:556,0
DA:557,0
DA:565,639
DA:566,639
DA:567,639
DA:568,639
DA:569,639
DA:570,639
DA:571,639
DA:572,639
DA:573,639
DA:574,639
DA:575,639
DA:576,639
DA:577,639
DA:578,639
DA:579,639
DA:580,639
DA:581,639
DA:582,639
DA:583,639
DA:586,1278
DA:587,639
DA:588,639
DA:589,639
DA:590,639
DA:591,639
DA:592,639
DA:593,639
DA:594,639
DA:595,639
DA:596,639
DA:597,639
DA:598,639
DA:599,639
DA:600,639
DA:601,639
DA:602,639
DA:603,639
DA:604,639
DA:683,1436
DA:686,1436
DA:687,8379
DA:688,6943
DA:689,3257
DA:691,1436
DA:696,30
DA:697,30
DA:698,30
DA:703,1039
DA:704,1039
DA:712,0
DA:714,0
DA:715,0
DA:716,0
DA:717,0
DA:718,0
DA:719,0
DA:720,0
DA:724,0
DA:725,0
DA:726,0
DA:727,0
DA:729,0
DA:733,0
DA:734,0
DA:735,0
DA:740,0
DA:741,0
DA:742,0
DA:747,0
DA:752,0
DA:755,0
DA:756,0
DA:820,10
DA:821,0
DA:841,0
DA:843,10
DA:867,0
DA:875,0
DA:891,0
DA:971,0
DA:974,10
DA:977,20
DA:981,20
DA:982,20
DA:987,6
DA:988,6
DA:989,6
DA:994,10
DA:995,10
DA:996,10
DA:1000,676
DA:1007,8
DA:1055,639
DA:1065,639
DA:1066,10
DA:1067,10
DA:1068,0
DA:1074,639
DA:1075,639
DA:1080,0
DA:1081,0
DA:1086,20
DA:1087,20
DA:1088,20
DA:1093,1278
DA:1094,1278
DA:1095,1278
DA:1112,10
DA:1113,10
DA:1114,10
DA:1143,639
DA:1144,639
DA:1145,0
DA:1149,0
DA:1152,7
DA:1153,7
DA:1160,10
DA:1161,10
DA:1162,10
DA:1167,0
DA:1168,0
DA:1172,0
DA:1173,0
DA:1199,0
DA:1202,0
DA:1213,3225
DA:1220,10
DA:1337,7089
DA:1338,7089
DA:1403,0
DA:1407,0
DA:1408,0
DA:1410,0
DA:1425,0
DA:1429,0
DA:1433,0
DA:1435,0
DA:1436,0
DA:1437,0
DA:1438,0
DA:1440,0
DA:1471,0
DA:1474,0
DA:1476,0
DA:1482,0
DA:1485,0
DA:1486,0
DA:1487,0
DA:1493,0
DA:1494,0
DA:1495,0
DA:1496,0
DA:1498,0
DA:1499,0
DA:1500,0
DA:1501,0
DA:1504,0
DA:1505,0
DA:1506,0
DA:1508,0
DA:1509,0
DA:1510,0
DA:1511,0
DA:1512,0
DA:1514,0
DA:1521,0
DA:1522,0
DA:1523,0
DA:1525,0
DA:1526,0
DA:1527,0
DA:1539,0
DA:1540,0
DA:1545,0
DA:1546,0
DA:1547,0
DA:1549,0
DA:1552,0
DA:1555,0
DA:1556,0
DA:1558,0
DA:1559,0
DA:1560,0
DA:1561,0
DA:1563,0
DA:1564,0
DA:1565,0
DA:1566,0
DA:1567,0
DA:1569,0
DA:1570,0
DA:1571,0
DA:1573,0
DA:1574,0
DA:1575,0
DA:1576,0
DA:1577,0
DA:1579,0
DA:1580,0
[...]
FNDA:1,_ZN7testing8internal15TestFactoryImplI28correctness_comparisons_TestE10CreateTestEv
FNDA:1,_ZN7testing8internal15TestFactoryImplI44correctness_compare_zero_and_minus_zero_TestE10CreateTestEv
FNDA:1,_ZN7testing8internal15TestFactoryImplI20correctness_add_TestE10CreateTestEv
FNDA:1,_ZN7testing8internal15TestFactoryImplI27correctness_add_signed_TestE10CreateTestEv
FNDA:1,_ZN7testing8internal15TestFactoryImplI33correctness_add_return_value_TestE10CreateTestEv
FNDA:1,_ZN7testing8internal15TestFactoryImplI20correctness_sub_TestE10CreateTestEv
FNDA:1,_ZN7testing8internal15TestFactoryImplI27correctness_sub_signed_TestE10CreateTestEv
FNDA:1,_ZN7testing8internal15TestFactoryImplI33correctness_sub_return_value_TestE10CreateTestEv
FNDA:1,_ZN7testing8internal15TestFactoryImplI20correctness_mul_TestE10CreateTestEv
FNDA:1,_ZN7testing8internal15TestFactoryImplI27correctness_mul_signed_TestE10CreateTestEv
FNDA:1,_ZN7testing8internal15TestFactoryImplI33correctness_mul_return_value_TestE10CreateTestEv
FNDA:1,_ZN7testing8internal15TestFactoryImplI21correctness_div__TestE10CreateTestEv
FNDA:1,_ZN7testing8internal15TestFactoryImplI28correctness_div_int_min_TestE10CreateTestEv
FNDA:1,_ZN7testing8internal15TestFactoryImplI30correctness_div_int_min_2_TestE10CreateTestEv
FNDA:1,_ZN7testing8internal15TestFactoryImplI27correctness_div_signed_TestE10CreateTestEv
FNDA:1,_ZN7testing8internal15TestFactoryImplI29correctness_div_rounding_TestE10CreateTestEv
FNDA:1,_ZN7testing8internal15TestFactoryImplI38correctness_div_rounding_negative_TestE10CreateTestEv
FNDA:1,_ZN7testing8internal15TestFactoryImplI33correctness_div_return_value_TestE10CreateTestEv
FNDA:1,_ZN7testing8internal15TestFactoryImplI27correctness_unary_plus_TestE10CreateTestEv
FNDA:1,_ZN7testing8internal15TestFactoryImplI25correctness_negation_TestE10CreateTestEv
FNDA:1,_ZN7testing8internal15TestFactoryImplI33correctness_negation_int_min_TestE10CreateTestEv
FNDA:1,_ZN7testing8internal15TestFactoryImplI21correctness_and__TestE10CreateTestEv
FNDA:1,_ZN7testing8internal15TestFactoryImplI27correctness_and_signed_TestE10CreateTestEv
FNDA:1,_ZN7testing8internal15TestFactoryImplI33correctness_and_return_value_TestE10CreateTestEv
FNDA:1,_ZN7testing8internal15TestFactoryImplI20correctness_or__TestE10CreateTestEv
FNDA:1,_ZN7testing8internal15TestFactoryImplI26correctness_or_signed_TestE10CreateTestEv
FNDA:1,_ZN7testing8internal15TestFactoryImplI32correctness_or_return_value_TestE10CreateTestEv
FNDA:1,_ZN7testing8internal15TestFactoryImplI21correctness_xor__TestE10CreateTestEv
FNDA:1,_ZN7testing8internal15TestFactoryImplI27correctness_xor_signed_TestE10CreateTestEv
FNDA:1,_ZN7testing8internal15TestFactoryImplI33correctness_xor_return_value_TestE10CreateTestEv
FNDA:1,_ZN7testing8internal15TestFactoryImplI21correctness_not__TestE10CreateTestEv
FNDA:1,_ZN7testing8internal15TestFactoryImplI21correctness_shl__TestE10CreateTestEv
FNDA:1,_ZN7testing8internal15TestFactoryImplI33correctness_shl_return_value_TestE10CreateTestEv
FNDA:1,_ZN7testing8internal15TestFactoryImplI21correctness_shr__TestE10CreateTestEv
FNDA:1,_ZN7testing8internal15TestFactoryImplI23correctness_shr_31_TestE10CreateTestEv
FNDA:1,_ZN7testing8internal15TestFactoryImplI27correctness_shr_signed_TestE10CreateTestEv
FNDA:1,_ZN7testing8internal15TestFactoryImplI33correctness_shr_return_value_TestE10CreateTestEv
FNDA:1,_ZN7testing8internal15TestFactoryImplI25correctness_add_long_TestE10CreateTestEv
FNDA:1,_ZN7testing8internal15TestFactoryImplI32correctness_add_long_signed_TestE10CreateTestEv
FNDA:1,_ZN7testing8internal15TestFactoryImplI33correctness_add_long_signed2_TestE10CreateTestEv
FNDA:1,_ZN7testing8internal15TestFactoryImplI30correctness_add_long_pow2_TestE10CreateTestEv
FNDA:1,_ZN7testing8internal15TestFactoryImplI25correctness_sub_long_TestE10CreateTestEv
FNDA:1,_ZN7testing8internal15TestFactoryImplI25correctness_mul_long_TestE10CreateTestEv
FNDA:1,_ZN7testing8internal15TestFactoryImplI32correctness_mul_long_signed_TestE10CreateTestEv
FNDA:1,_ZN7testing8internal15TestFactoryImplI33correctness_mul_long_signed2_TestE10CreateTestEv
FNDA:1,_ZN7testing8internal15TestFactoryImplI30correctness_mul_long_pow2_TestE10CreateTestEv
FNDA:1,_ZN7testing8internal15TestFactoryImplI25correctness_div_long_TestE10CreateTestEv
FNDA:1,_ZN7testing8internal15TestFactoryImplI32correctness_div_long_signed_TestE10CreateTestEv
FNDA:1,_ZN7testing8internal15TestFactoryImplI33correctness_div_long_signed2_TestE10CreateTestEv
FNDA:1,_ZN7testing8internal15TestFactoryImplI30correctness_negation_long_TestE10CreateTestEv
FNDA:1,_ZN7testing8internal15TestFactoryImplI28correctness_string_conv_TestE10CreateTestEv
FNDA:1,_ZN7testing8internal15TestFactoryImplI35correctness_mul_div_randomized_TestE10CreateTestEv
FNDA:1,_ZN7testing8internal15TestFactoryImplI37correctness_mul_merge_randomized_TestE10CreateTestEv
FNDA:1,_ZN7testing8internal15TestFactoryImplI31correctness_div_randomized_TestE10CreateTestEv
FNDA:2,_ZN7testing8internal15IsContainerTestIiEEcl
FNDA:2,_ZN7testing8internal15IsContainerTestI11big_integerEEcl
FNDA:2,_ZN16testing_internal26DefaultPrintNonContainerToIiEEvRKT_PSo
FNDA:2,_ZN16testing_internal26DefaultPrintNonContainerToI11big_integerEEvRKT_PSo
FNDA:2,_ZN7testing8internal14DefaultPrintToIiEEvcNS0_13bool_constantILb0EEERKT_PSo
FNDA:2,_ZN7testing8internal14DefaultPrintToI11big_integerEEvcNS0_13bool_constantILb0EEERKT_PSo
FNDA:2,_ZN7testing8internal7PrintToIiEEvRKT_PSo
FNDA:2,_ZN7testing8internal7PrintToI11big_integerEEvRKT_PSo
FNDA:0,_ZN7testing8internal7PrintToERKNSt7__cxx1112basic_stringIcSt11char_traitsIcESaIcEEEPSo
FNDA:2,_ZN7testing8internal16UniversalPrinterIiE5PrintERKiPSo
FNDA:2,_ZN7testing8internal16UniversalPrinterI11big_integerE5PrintERKS2_PSo
FNDA:0,_ZN7testing8internal16UniversalPrinterINSt7__cxx1112basic_stringIcSt11char_traitsIcESaIcEEEE5PrintERKS7_PSo
FNDA:0,_ZN7testing8internal21UniversalTersePrinterINSt7__cxx1112basic_stringIcSt11char_traitsIcESaIcEEEE5PrintERKS7_PSo
FNDA:2,_ZN7testing8internal21UniversalTersePrinterIiE5PrintERKiPSo
FNDA:2,_ZN7testing8internal21UniversalTersePrinterI11big_integerE5PrintERKS2_PSo
FNDA:0,_ZN7testing8internal21UniversalTersePrinterIPKcE5PrintES3_PSo
FNDA:2,_ZN7testing8internal14UniversalPrintIiEEvRKT_PSo
FNDA:2,_ZN7testing8internal14UniversalPrintI11big_integerEEvRKT_PSo
FNDA:0,_ZN7testing8internal14UniversalPrintINSt7__cxx1112basic_stringIcSt11char_traitsIcESaIcEEEEEvRKT_PSo
FNDA:0,_ZN7testing13PrintToStringINSt7__cxx1112basic_stringIcSt11char_traitsIcESaIcEEEEES6_RKT_
FNDA:2,_ZN7testing13PrintToStringIiEENSt7__cxx1112basic_stringIcSt11char_traitsIcESaIcEEERKT_
FNDA:2,_ZN7testing13PrintToStringI11big_integerEENSt7__cxx1112basic_stringIcSt11char_traitsIcESaIcEEERKT_
FNDA:0,_ZN7testing13PrintToStringIPKcEENSt7__cxx1112basic_stringIcSt11char_traitsIcESaIcEEERKT_
FNDA:70091,_ZN7testing15AssertionResultD2Ev
FNDA:70089,_ZN7testing15AssertionResultC2Eb
FNDA:70089,_ZNK7testing15AssertionResultcvbEv
FNDA:2,_ZNK7testing15AssertionResult7messageEv
FNDA:2,_ZNK7testing15AssertionResult15failure_messageEv
FNDA:0,_ZN7testing15AssertionResultlsIA6_cEERS0_RKT_
FNDA:0,_ZN7testing15AssertionResultlsIA5_cEERS0_RKT_
FNDA:0,_ZN7testing15AssertionResultlsINSt7__cxx1112basic_stringIcSt11char_traitsIcESaIcEEEEERS0_RKT_
FNDA:0,_ZN7testing15AssertionResultlsIA7_cEERS0_RKT_
FNDA:0,_ZN7testing15AssertionResultlsIPKcEERS0_RKT_
FNDA:0,_ZN7testing15AssertionResultlsIA12_cEERS0_RKT_
FNDA:2,_ZN7testing15AssertionResult13AppendMessageERKNS_7MessageE
FNDA:1,_ZN7testing4Test13SetUpTestCaseEv
FNDA:1,_ZN7testing4Test16TearDownTestCaseEv
FNDA:0,_ZN7testing4Test5SetupEv
FNDA:0,_ZN7testing8internal19FormatForComparisonINSt7__cxx1112basic_stringIcSt11char_traitsIcESaIcEEEA18_cE6FormatERKS7_
FNDA:0,_ZN7testing8internal19FormatForComparisonINSt7__cxx1112basic_stringIcSt11char_traitsIcESaIcEEEA2_cE6FormatERKS7_
FNDA:0,_ZN7testing8internal19FormatForComparisonINSt7__cxx1112basic_stringIcSt11char_traitsIcESaIcEEEA4_cE6FormatERKS7_
FNDA:0,_ZN7testing8internal19FormatForComparisonI11big_integerS2_E6FormatERKS2_
FNDA:2,_ZN7testing8internal19FormatForComparisonIi11big_integerE6FormatERKi
FNDA:2,_ZN7testing8internal19FormatForComparisonI11big_integeriE6FormatERKS2_
FNDA:0,_ZN7testing8internal19FormatForComparisonIA18_cNSt7__cxx1112basic_stringIcSt11char_traitsIcESaIcEEEE6FormatEPKc
FNDA:0,_ZN7testing8internal19FormatForComparisonIA2_cNSt7__cxx1112basic_stringIcSt11char_traitsIcESaIcEEEE6FormatEPKc
FNDA:0,_ZN7testing8internal19FormatForComparisonIA4_cNSt7__cxx1112basic_stringIcSt11char_traitsIcESaIcEEEE6FormatEPKc
FNDA:0,_ZN7testing8internal19FormatForComparisonIPKcNSt7__cxx1112basic_stringIcSt11char_traitsIcESaIcEEEE6FormatES3_
FNDA:0,_ZN7testing8internal33FormatForComparisonFailureMessageIA18_cNSt7__cxx1112basic_stringIcSt11char_traitsIcESaIcEEEEES8_RKT_RKT0_
FNDA:0,_ZN7testing8internal33FormatForComparisonFailureMessageINSt7__cxx1112basic_stringIcSt11char_traitsIcESaIcEEEA18_cEES7_RKT_RKT0_
FNDA:0,_ZN7testing8internal33FormatForComparisonFailureMessageIA2_cNSt7__cxx1112basic_stringIcSt11char_traitsIcESaIcEEEEES8_RKT_RKT0_
FNDA:0,_ZN7testing8internal33FormatForComparisonFailureMessageINSt7__cxx1112basic_stringIcSt11char_traitsIcESaIcEEEA2_cEES7_RKT_RKT0_
FNDA:0,_ZN7testing8internal33FormatForComparisonFailureMessageIA4_cNSt7__cxx1112basic_stringIcSt11char_traitsIcESaIcEEEEES8_RKT_RKT0_
FNDA:0,_ZN7testing8internal33FormatForComparisonFailureMessageINSt7__cxx1112basic_stringIcSt11char_traitsIcESaIcEEEA4_cEES7_RKT_RKT0_
FNDA:0,_ZN7testing8internal33FormatForComparisonFailureMessageI11big_integerS2_EENSt7__cxx1112basic_stringIcSt11char_traitsIcESaIcEEERKT_RKT0_
FNDA:2,_ZN7testing8internal33FormatForComparisonFailureMessageIi11big_integerEENSt7__cxx1112basic_stringIcSt11char_traitsIcESaIcEEERKT_RKT0_
FNDA:2,_ZN7testing8internal33FormatForComparisonFailureMessageI11big_integeriEENSt7__cxx1112basic_stringIcSt11char_traitsIcESaIcEEERKT_RKT0_
FNDA:1,_ZN7testing8internal11CmpHelperEQINSt7__cxx1112basic_stringIcSt11char_traitsIcESaIcEEEA18_cEENS_15AssertionResultEPKcSB_RKT_RKT0_
FNDA:2,_ZN7testing8internal11CmpHelperEQINSt7__cxx1112basic_stringIcSt11char_traitsIcESaIcEEEA2_cEENS_15AssertionResultEPKcSB_RKT_RKT0_
FNDA:2,_ZN7testing8internal11CmpHelperEQINSt7__cxx1112basic_stringIcSt11char_traitsIcESaIcEEEA4_cEENS_15AssertionResultEPKcSB_RKT_RKT0_
FNDA:1,_ZN7testing8internal11CmpHelperEQIi11big_integerEENS_15AssertionResultEPKcS5_RKT_RKT0_
FNDA:10022,_ZN7testing8internal11CmpHelperEQI11big_integerS2_EENS_15AssertionResultEPKcS5_RKT_RKT0_
FNDA:24,_ZN7testing8internal11CmpHelperEQI11big_integeriEENS_15AssertionResultEPKcS5_RKT_RKT0_
FNDA:1,_ZN7testing8internal8EqHelperILb0EE7CompareINSt7__cxx1112basic_stringIcSt11char_traitsIcESaIcEEEA18_cEENS_15AssertionResultEPKcSD_RKT_RKT0_
FNDA:2,_ZN7testing8internal8EqHelperILb0EE7CompareINSt7__cxx1112basic_stringIcSt11char_traitsIcESaIcEEEA2_cEENS_15AssertionResultEPKcSD_RKT_RKT0_
FNDA:2,_ZN7testing8internal8EqHelperILb0EE7CompareINSt7__cxx1112basic_stringIcSt11char_traitsIcESaIcEEEA4_cEENS_15AssertionResultEPKcSD_RKT_RKT0_
FNDA:1,_ZN7testing8internal8EqHelperILb0EE7CompareIi11big_integerEENS_15AssertionResultEPKcS7_RKT_RKT0_
FNDA:10022,_ZN7testing8internal8EqHelperILb0EE7CompareI11big_integerS4_EENS_15AssertionResultEPKcS7_RKT_RKT0_
FNDA:24,_ZN7testing8internal8EqHelperILb0EE7CompareI11big_integeriEENS_15AssertionResultEPKcS7_RKT_RKT0_
FNDA:10000,_ZN7testing8internal11CmpHelperLTI11big_integerS2_EENS_15AssertionResultEPKcS5_RKT_RKT0_
FNDA:10000,_ZN7testing8internal11CmpHelperGEI11big_integeriEENS_15AssertionResultEPKcS5_RKT_RKT0_
FNF:345
FNH:184
DA:2001,70091
DA:2002,70209
DA:2004,530
DA:2005,4
DA:2006,6
DA:2014,70211
DA:2015,70211
DA:2016,124
DA:2017,124
DA:2019,124
DA:2021,70211
DA:3157,118
DA:3187,25
DA:3203,25
DA:3204,25
DA:3221,23
DA:3222,23
DA:3223,0
DA:3225,23
DA:3227,23
DA:7396,0
DA:7403,64
DA:7412,64
DA:7414,64
DA:7829,4
DA:9409,4
DA:9436,4
DA:9437,4
DA:9526,4
DA:9529,4
DA:9530,4
DA:9544,4
DA:9567,4
DA:9568,4
DA:9655,0
DA:9656,0
DA:9657,0
DA:9782,4
DA:9791,4
DA:9792,4
DA:9874,4
DA:9875,4
DA:9876,4
DA:9895,0
DA:9896,0
DA:9897,0
DA:9899,0
DA:9901,0
DA:9943,4
DA:9947,4
DA:9948,4
DA:10038,4
DA:10039,8
DA:10040,4
DA:10041,8
DA:17669,70091
DA:17675,70089
DA:17678,70089
DA:17687,2
DA:17688,2
DA:17692,2
DA:17695,0
DA:17696,0
DA:17697,0
DA:17710,2
DA:17711,2
DA:17712,2
DA:17713,2
DA:17714,2
DA:17778,1
DA:17786,1
DA:17864,0
DA:18770,4
DA:18771,4
DA:18779,0
DA:18780,0
DA:18816,0
DA:18844,4
DA:18846,4
DA:18851,10052
DA:18861,10052
DA:18862,10050
DA:18873,2
DA:18893,10052
DA:18898,10052
DA:18994,10000
DA:18996,10000
LF:87
LH:70
end_of_record
TN:
SF:/home/ruperson/Desktop/cpp-course/bigint/big_integer.cpp
FN:14,_Z3abs11big_integer
FN:24,_ZN11big_integer11erase_zerosEv
FN:30,_ZN11big_integer18to_twos_complimentEv
FN:36,_ZN11big_integer17to_sign_magnitudeEv
FN:47,_ZN11big_integerC2Ev
FN:50,_ZN11big_integerC2Ei
FN:54,_ZN11big_integerC2Ej
FN:59,_ZN11big_integerC2ERKNSt7__cxx1112basic_stringIcSt11char_traitsIcESaIcEEE
FN:74,_ZN11big_integerpLERKS_
FN:100,_ZN11big_integermIERKS_
FN:130,_ZN11big_integermLERKS_
FN:156,_ZN11big_integerdVERKS_
FN:195,_ZN11big_integerrMERKS_
FN:199,_ZN11big_integermLEi
FN:205,_ZN11big_integermLEj
FN:216,_ZN11big_integerdVEi
FN:222,_ZN11big_integerdVEj
FN:234,_ZN11big_integer17logical_operationISt6bit_orIvEEERS_RKS_RKT_
FN:234,_ZN11big_integer17logical_operationISt7bit_xorIvEEERS_RKS_RKT_
FN:234,_ZN11big_integer17logical_operationISt7bit_andIvEEERS_RKS_RKT_
FN:255,_ZN11big_integeraNERKS_
FN:258,_ZN11big_integeroRERKS_
FN:261,_ZN11big_integereOERKS_
FN:268,_ZN11big_integerlSEj
FN:275,_ZN11big_integerrSEj
FN:304,_Zpl11big_integerRKS_
FN:308,_Zmi11big_integerRKS_
FN:312,_Zml11big_integerRKS_
FN:317,_Zdv11big_integerRKS_
FN:322,_Zrm11big_integerRKS_
FN:327,_Zan11big_integerRKS_
FN:330,_Zor11big_integerRKS_
FN:333,_Zeo11big_integerRKS_
FN:337,_Zls11big_integerj
FN:341,_Zrs11big_integerj
FN:346,_ZNK11big_integerpsEv
FN:349,_ZNK11big_integerngEv
FN:355,_ZNK11big_integercoEv
FN:359,_ZltRK11big_integerS1_
FN:371,_ZeqRK11big_integerS1_
FN:372,_ZneRK11big_integerS1_
FN:373,_ZgtRK11big_integerS1_
FN:374,_ZleRK11big_integerS1_
FN:375,_ZgeRK11big_integerS1_
FN:377,_Z9to_stringB5cxx1111big_integer
FN:394,_ZlsRSoRK11big_integer
FN:397,_GLOBAL__sub_I__Z3abs11big_integer
FN:397,_Z41__static_initialization_and_destruction_0ii
FNDA:1199711,_Z3abs11big_integer
FNDA:13584904,_ZN11big_integer11erase_zerosEv
FNDA:70,_ZN11big_integer18to_twos_complimentEv
FNDA:40,_ZN11big_integer17to_sign_magnitudeEv
FNDA:1098400,_ZN11big_integerC2Ev
FNDA:17540509,_ZN11big_integerC2Ei
FNDA:6416340,_ZN11big_integerC2Ej
FNDA:410,_ZN11big_integerC2ERKNSt7__cxx1112basic_stringIcSt11char_traitsIcESaIcEEE
FNDA:8814527,_ZN11big_integerpLERKS_
FNDA:8160960,_ZN11big_integermIERKS_
FNDA:3608160,_ZN11big_integermLERKS_
FNDA:599820,_ZN11big_integerdVERKS_
FNDA:100070,_ZN11big_integerrMERKS_
FNDA:1702830,_ZN11big_integermLEi
FNDA:9019340,_ZN11big_integermLEj
FNDA:99910,_ZN11big_integerdVEi
FNDA:300150,_ZN11big_integerdVEj
FNDA:50,_ZN11big_integer17logical_operationISt7bit_xorIvEEERS_RKS_RKT_
FNDA:60,_ZN11big_integer17logical_operationISt6bit_orIvEEERS_RKS_RKT_
FNDA:90,_ZN11big_integer17logical_operationISt7bit_andIvEEERS_RKS_RKT_
FNDA:90,_ZN11big_integeraNERKS_
FNDA:60,_ZN11big_integeroRERKS_
FNDA:50,_ZN11big_integereOERKS_
FNDA:3208210,_ZN11big_integerlSEj
FNDA:70,_ZN11big_integerrSEj
FNDA:120,_Zpl11big_integerRKS_
FNDA:200160,_Zmi11big_integerRKS_
FNDA:3608120,_Zml11big_integerRKS_
FNDA:599790,_Zdv11big_integerRKS_
FNDA:100060,_Zrm11big_integerRKS_
FNDA:60,_Zan11big_integerRKS_
FNDA:30,_Zor11big_integerRKS_
FNDA:30,_Zeo11big_integerRKS_
FNDA:10,_Zls11big_integerj
FNDA:30,_Zrs11big_integerj
FNDA:10,_ZNK11big_integerpsEv
FNDA:11132598,_ZNK11big_integerngEv
FNDA:10,_ZNK11big_integercoEv
FNDA:30258989,_ZltRK11big_integerS1_
FNDA:12233188,_ZeqRK11big_integerS1_
FNDA:11132608,_ZneRK11big_integerS1_
FNDA:4752583,_ZgtRK11big_integerS1_
FNDA:30,_ZleRK11big_integerS1_
FNDA:100081,_ZgeRK11big_integerS1_
FNDA:61,_Z9to_stringB5cxx1111big_integer
FNDA:11,_ZlsRSoRK11big_integer
FNDA:10,_GLOBAL__sub_I__Z3abs11big_integer
FNDA:10,_Z41__static_initialization_and_destruction_0ii
FNF:48
FNH:48
DA:8,10
DA:14,1199711
DA:15,1199711
DA:16,1199711
DA:24,32333294
DA:25,51081684
DA:26,18748390
DA:27,13584904
DA:28,674113
DA:29,13584904
DA:30,70
DA:31,70
DA:32,70
DA:33,70
DA:34,70
DA:36,40
DA:37,40
DA:38,40
DA:39,40
DA:40,40
DA:47,1098400
DA:48,1098400
DA:49,1098400
DA:50,17540509
DA:51,17540509
DA:52,17540509
DA:53,17540509
DA:54,6416340
DA:55,6416340
DA:56,6416340
DA:57,6416340
DA:59,410
DA:60,3240
DA:61,2830
DA:62,2420
DA:63,2420
DA:66,410
DA:67,410
DA:70,410
DA:71,410
DA:74,8814527
DA:75,8814527
DA:76,8814527
DA:77,5247967
DA:79,185826364
DA:80,180578397
DA:81,50
DA:82,180578397
DA:83,180578397
DA:84,180578397
DA:85,180578397
DA:87,5247967
DA:89,3566560
DA:90,594950
DA:93,2971610
DA:94,2971610
DA:95,2971610
DA:100,8160960
DA:101,8160960
DA:102,3408386
DA:105,4752574
DA:106,1
DA:107,1
DA:108,1
DA:110,4752573
DA:111,2371940
DA:112,1185970
DA:113,1185970
DA:116,3566603
DA:117,214202556
DA:118,210635953
DA:119,210635953
DA:120,210635953
DA:121,210635953
DA:122,109452413
DA:123,210635953
DA:125,3566603
DA:126,3566603
DA:130,3608160
DA:132,3608160
DA:133,3608160
DA:134,3309040
DA:135,3309040
DA:136,3309040
DA:141,598240
DA:142,299120
DA:144,2043990
DA:145,89352010
DA:146,87607140
DA:147,87607140
DA:148,87607140
DA:152,299120
DA:153,299120
DA:154,299120
DA:156,599820
DA:157,1199640
DA:158,599820
DA:159,599820
DA:160,599820
DA:161,599820
DA:162,200190
DA:163,200190
DA:164,200190
DA:166,399630
DA:167,399630
DA:168,399630
DA:169,799260
DA:170,399630
DA:171,799260
DA:172,399630
DA:174,3607800
DA:175,3208170
DA:176,3208170
DA:177,3208170
DA:178,3208170
DA:179,2771320
DA:180,2771320
DA:183,3208170
DA:184,3208170
DA:185,4397990
DA:186,594910
DA:187,594910
DA:189,3208170
DA:191,399630
DA:192,399630
DA:193,399630
DA:195,100070
DA:196,100070
DA:199,1702830
DA:201,1702830
DA:202,1702830
DA:203,1702830
DA:205,9019340
DA:206,9019340
DA:207,408929240
DA:208,399909900
DA:209,399909900
DA:210,399909900
DA:212,9019340
DA:213,9019340
DA:214,9019340
DA:216,99910
DA:218,99910
DA:219,99910
DA:220,99910
DA:222,300150
DA:223,300150
DA:224,45546190
DA:225,45246040
DA:226,45246040
DA:227,45246040
DA:229,300150
DA:230,300150
DA:234,200
DA:235,400
DA:236,200
DA:237,200
DA:238,50
DA:239,50
DA:241,200
DA:242,0
DA:243,0
DA:245,200
DA:246,400
DA:247,200
DA:248,200
DA:250,200
DA:251,20
DA:252,400
DA:255,90
DA:256,90
DA:258,60
DA:259,60
DA:261,50
DA:262,50
DA:268,6416380
DA:269,9624550
DA:270,3208170
DA:271,3208170
DA:273,3208210
DA:275,70
DA:276,70
DA:277,70
DA:278,0
DA:279,0
DA:280,0
DA:282,70
DA:284,20
DA:286,20
DA:287,20
DA:288,40
DA:289,20
DA:290,0
DA:291,0
DA:293,20
DA:295,20
DA:296,20
DA:298,20
DA:300,20
DA:304,120
DA:305,120
DA:306,120
DA:308,200160
DA:309,200160
DA:310,200160
DA:312,3608120
DA:314,3608120
DA:315,3608120
DA:317,599790
DA:319,599790
DA:320,599790
DA:322,100060
DA:324,100060
DA:325,100060
DA:327,60
DA:328,60
DA:330,30
DA:331,30
DA:333,30
DA:334,30
DA:337,10
DA:338,10
DA:339,10
DA:341,30
DA:342,30
DA:343,30
DA:346,10
DA:347,10
DA:349,11132598
DA:350,11132598
DA:351,11132598
DA:352,10496368
DA:353,11132598
DA:355,10
DA:356,10
DA:359,30258989
DA:361,30258989
DA:362,26101086
DA:363,18740030
DA:365,20503875
DA:366,17793336
DA:367,4650517
DA:369,2710539
DA:371,12233188
DA:372,11132608
DA:373,4752583
DA:374,30
DA:375,100081
DA:377,61
DA:378,61
DA:379,61
DA:380,81
DA:381,20
DA:382,10
DA:383,90
DA:384,10
DA:385,10
DA:387,122
DA:388,61
DA:389,61
DA:390,61
DA:391,61
DA:392,122
DA:394,11
DA:396,11
DA:397,30
LF:266
LH:259
end_of_record
SF:/home/ruperson/Desktop/cpp-course/bigint/big_integer.h
FN:13,_ZN11big_integerD2Ev
FN:13,_ZN11big_integeraSERKS_
FN:13,_ZN11big_integerC2ERKS_
FNDA:8727272,_ZN11big_integeraSERKS_
FNDA:25636251,_ZN11big_integerC2ERKS_
FNDA:50691910,_ZN11big_integerD2Ev
FNF:3
FNH:3
DA:13,85055433
LF:1
LH:1
end_of_record
